
(dino:103132): Gtk-WARNING **: 19:10:50.475: Theme parser error: style.css:248:18-28: Expected a valid color.

(dino:103132): Adwaita-WARNING **: 19:10:50.653: DinoUiMainWindow 0x62f390ed4860 does not have a minimum size, set the 'width-request' and 'height-request' properties to specify it

(dino:103132): Adwaita-WARNING **: 19:10:50.798: DinoUiMainWindow 0x62f390ed4860 does not have a minimum size, set the 'width-request' and 'height-request' properties to specify it

(dino:103132): Adwaita-WARNING **: 19:10:51.395: DinoUiMainWindow 0x62f390ed4860 does not have a minimum size, set the 'width-request' and 'height-request' properties to specify it

(dino:103132): Adwaita-WARNING **: 19:10:51.565: DinoUiMainWindow 0x62f390ed4860 does not have a minimum size, set the 'width-request' and 'height-request' properties to specify it

(dino:103132): Adwaita-WARNING **: 19:10:57.204: DinoUiMainWindow 0x62f390ed4860 does not have a minimum size, set the 'width-request' and 'height-request' properties to specify it

(dino:103132): Adwaita-WARNING **: 19:10:57.286: DinoUiMainWindow 0x62f390ed4860 does not have a minimum size, set the 'width-request' and 'height-request' properties to specify it

(dino:103132): Adwaita-WARNING **: 19:10:57.304: DinoUiMainWindow 0x62f390ed4860 does not have a minimum size, set the 'width-request' and 'height-request' properties to specify it

(dino:103132): Adwaita-WARNING **: 19:10:57.340: DinoUiMainWindow 0x62f390ed4860 does not have a minimum size, set the 'width-request' and 'height-request' properties to specify it

(dino:103132): Adwaita-WARNING **: 19:10:57.353: DinoUiMainWindow 0x62f390ed4860 does not have a minimum size, set the 'width-request' and 'height-request' properties to specify it

(dino:103132): Adwaita-WARNING **: 19:10:57.372: DinoUiMainWindow 0x62f390ed4860 does not have a minimum size, set the 'width-request' and 'height-request' properties to specify it

(dino:103132): Adwaita-WARNING **: 19:10:57.403: DinoUiMainWindow 0x62f390ed4860 does not have a minimum size, set the 'width-request' and 'height-request' properties to specify it

(dino:103132): Adwaita-WARNING **: 19:10:57.437: DinoUiMainWindow 0x62f390ed4860 does not have a minimum size, set the 'width-request' and 'height-request' properties to specify it

(dino:103132): Adwaita-WARNING **: 19:10:57.454: DinoUiMainWindow 0x62f390ed4860 does not have a minimum size, set the 'width-request' and 'height-request' properties to specify it

(dino:103132): Adwaita-WARNING **: 19:10:57.487: DinoUiMainWindow 0x62f390ed4860 does not have a minimum size, set the 'width-request' and 'height-request' properties to specify it

(dino:103132): Adwaita-WARNING **: 19:11:04.150: DinoUiMainWindow 0x62f390ed4860 does not have a minimum size, set the 'width-request' and 'height-request' properties to specify it

(dino:103132): Adwaita-WARNING **: 19:11:04.166: DinoUiMainWindow 0x62f390ed4860 does not have a minimum size, set the 'width-request' and 'height-request' properties to specify it

(dino:103132): Adwaita-WARNING **: 19:11:05.208: DinoUiMainWindow 0x62f390ed4860 does not have a minimum size, set the 'width-request' and 'height-request' properties to specify it

(dino:103132): Adwaita-WARNING **: 19:13:06.722: DinoUiMainWindow 0x62f390ed4860 does not have a minimum size, set the 'width-request' and 'height-request' properties to specify it

(dino:103132): Adwaita-WARNING **: 19:13:06.803: DinoUiMainWindow 0x62f390ed4860 does not have a minimum size, set the 'width-request' and 'height-request' properties to specify it

(dino:103132): Adwaita-WARNING **: 19:13:11.940: DinoUiMainWindow 0x62f390ed4860 does not have a minimum size, set the 'width-request' and 'height-request' properties to specify it

(dino:103132): Adwaita-WARNING **: 19:13:11.956: DinoUiMainWindow 0x62f390ed4860 does not have a minimum size, set the 'width-request' and 'height-request' properties to specify it

(dino:103132): Adwaita-WARNING **: 19:13:13.556: DinoUiMainWindow 0x62f390ed4860 does not have a minimum size, set the 'width-request' and 'height-request' properties to specify it

(dino:103132): Adwaita-WARNING **: 19:13:13.654: DinoUiMainWindow 0x62f390ed4860 does not have a minimum size, set the 'width-request' and 'height-request' properties to specify it

(dino:103132): Adwaita-WARNING **: 19:13:13.671: DinoUiMainWindow 0x62f390ed4860 does not have a minimum size, set the 'width-request' and 'height-request' properties to specify it

(dino:103132): Adwaita-WARNING **: 19:13:13.683: DinoUiMainWindow 0x62f390ed4860 does not have a minimum size, set the 'width-request' and 'height-request' properties to specify it

(dino:103132): Adwaita-WARNING **: 19:13:13.699: DinoUiMainWindow 0x62f390ed4860 does not have a minimum size, set the 'width-request' and 'height-request' properties to specify it

(dino:103132): Adwaita-WARNING **: 19:13:13.719: DinoUiMainWindow 0x62f390ed4860 does not have a minimum size, set the 'width-request' and 'height-request' properties to specify it

(dino:103132): Adwaita-WARNING **: 19:13:13.732: DinoUiMainWindow 0x62f390ed4860 does not have a minimum size, set the 'width-request' and 'height-request' properties to specify it

(dino:103132): Adwaita-WARNING **: 19:13:13.750: DinoUiMainWindow 0x62f390ed4860 does not have a minimum size, set the 'width-request' and 'height-request' properties to specify it

(dino:103132): Adwaita-WARNING **: 19:13:13.767: DinoUiMainWindow 0x62f390ed4860 does not have a minimum size, set the 'width-request' and 'height-request' properties to specify it

(dino:103132): rtp-WARNING **: 19:13:14.186: module.vala:75: No suitable encoder or decoder found for ilbc

(dino:103132): rtp-WARNING **: 19:13:14.186: codec_util.vala:298: rtptelephone-eventpay is not installed or supported on this system

(dino:103132): rtp-WARNING **: 19:13:14.186: codec_util.vala:298: rtptelephone-eventdepay is not installed or supported on this system

(dino:103132): rtp-WARNING **: 19:13:14.186: module.vala:75: No suitable encoder or decoder found for telephone-event

(dino:103132): rtp-WARNING **: 19:13:14.328: codec_util.vala:298: rtprtxpay is not installed or supported on this system

(dino:103132): rtp-WARNING **: 19:13:14.328: codec_util.vala:298: rtprtxdepay is not installed or supported on this system

(dino:103132): rtp-WARNING **: 19:13:14.328: module.vala:75: No suitable encoder or decoder found for rtx

(dino:103132): rtp-WARNING **: 19:13:14.329: codec_util.vala:298: rtpredpay is not installed or supported on this system

(dino:103132): rtp-WARNING **: 19:13:14.329: codec_util.vala:298: rtpreddepay is not installed or supported on this system

(dino:103132): rtp-WARNING **: 19:13:14.329: module.vala:75: No suitable encoder or decoder found for red

(dino:103132): rtp-WARNING **: 19:13:14.333: module.vala:75: No suitable encoder or decoder found for h264

(dino:103132): rtp-WARNING **: 19:13:14.333: codec_util.vala:298: rtpav1pay is not installed or supported on this system

(dino:103132): rtp-WARNING **: 19:13:14.333: codec_util.vala:298: rtpav1depay is not installed or supported on this system

(dino:103132): rtp-WARNING **: 19:13:14.333: module.vala:75: No suitable encoder or decoder found for av1

(dino:103132): rtp-WARNING **: 19:13:14.334: codec_util.vala:298: rtpulpfecpay is not installed or supported on this system

(dino:103132): rtp-WARNING **: 19:13:14.334: codec_util.vala:298: rtpulpfecdepay is not installed or supported on this system

(dino:103132): rtp-WARNING **: 19:13:14.334: module.vala:75: No suitable encoder or decoder found for ulpfec

(dino:103132): libnice-WARNING **: 19:13:22.960: Agent 0x62f3952e4ec0 : We still have alive TURN refreshes. Consider using nice_agent_close_async() to prune them before releasing the agent.

(dino:103132): Adwaita-WARNING **: 19:13:22.975: DinoUiMainWindow 0x62f390ed4860 does not have a minimum size, set the 'width-request' and 'height-request' properties to specify it

(dino:103132): Adwaita-WARNING **: 19:13:23.002: DinoUiMainWindow 0x62f390ed4860 does not have a minimum size, set the 'width-request' and 'height-request' properties to specify it

(dino:103132): rtp-WARNING **: 19:13:25.944: device.vala:582: pipewiredevice0-tee still has 1 src pads while being destroyed

(dino:103132): Adwaita-WARNING **: 19:13:26.527: DinoUiMainWindow 0x62f390ed4860 does not have a minimum size, set the 'width-request' and 'height-request' properties to specify it

(dino:103132): Adwaita-WARNING **: 19:13:26.568: DinoUiMainWindow 0x62f390ed4860 does not have a minimum size, set the 'width-request' and 'height-request' properties to specify it

(dino:103132): Adwaita-WARNING **: 19:13:29.981: DinoUiMainWindow 0x62f390ed4860 does not have a minimum size, set the 'width-request' and 'height-request' properties to specify it

(dino:103132): Adwaita-WARNING **: 19:13:30.018: DinoUiMainWindow 0x62f390ed4860 does not have a minimum size, set the 'width-request' and 'height-request' properties to specify it

(dino:103132): Adwaita-WARNING **: 19:13:30.037: DinoUiMainWindow 0x62f390ed4860 does not have a minimum size, set the 'width-request' and 'height-request' properties to specify it

(dino:103132): Adwaita-WARNING **: 19:13:30.073: DinoUiMainWindow 0x62f390ed4860 does not have a minimum size, set the 'width-request' and 'height-request' properties to specify it

(dino:103132): Adwaita-WARNING **: 19:13:30.083: DinoUiMainWindow 0x62f390ed4860 does not have a minimum size, set the 'width-request' and 'height-request' properties to specify it

(dino:103132): Adwaita-WARNING **: 19:13:30.100: DinoUiMainWindow 0x62f390ed4860 does not have a minimum size, set the 'width-request' and 'height-request' properties to specify it

(dino:103132): Adwaita-WARNING **: 19:13:30.116: DinoUiMainWindow 0x62f390ed4860 does not have a minimum size, set the 'width-request' and 'height-request' properties to specify it

(dino:103132): Adwaita-WARNING **: 19:13:30.133: DinoUiMainWindow 0x62f390ed4860 does not have a minimum size, set the 'width-request' and 'height-request' properties to specify it

(dino:103132): Adwaita-WARNING **: 19:13:30.152: DinoUiMainWindow 0x62f390ed4860 does not have a minimum size, set the 'width-request' and 'height-request' properties to specify it

(dino:103132): Adwaita-WARNING **: 19:13:30.169: DinoUiMainWindow 0x62f390ed4860 does not have a minimum size, set the 'width-request' and 'height-request' properties to specify it

(dino:103132): Adwaita-WARNING **: 19:13:30.185: DinoUiMainWindow 0x62f390ed4860 does not have a minimum size, set the 'width-request' and 'height-request' properties to specify it

(dino:103132): libnice-WARNING **: 19:13:38.137: Agent 0x62f395481e20 : We still have alive TURN refreshes. Consider using nice_agent_close_async() to prune them before releasing the agent.

(dino:103132): Adwaita-WARNING **: 19:13:38.191: DinoUiMainWindow 0x62f390ed4860 does not have a minimum size, set the 'width-request' and 'height-request' properties to specify it

(dino:103132): Adwaita-WARNING **: 19:13:38.235: DinoUiMainWindow 0x62f390ed4860 does not have a minimum size, set the 'width-request' and 'height-request' properties to specify it

(dino:103132): Adwaita-WARNING **: 19:13:39.321: DinoUiMainWindow 0x62f390ed4860 does not have a minimum size, set the 'width-request' and 'height-request' properties to specify it

(dino:103132): Adwaita-WARNING **: 19:13:39.346: DinoUiMainWindow 0x62f390ed4860 does not have a minimum size, set the 'width-request' and 'height-request' properties to specify it

(dino:103132): Adwaita-WARNING **: 19:13:39.371: DinoUiMainWindow 0x62f390ed4860 does not have a minimum size, set the 'width-request' and 'height-request' properties to specify it

(dino:103132): Adwaita-WARNING **: 19:13:39.389: DinoUiMainWindow 0x62f390ed4860 does not have a minimum size, set the 'width-request' and 'height-request' properties to specify it

(dino:103132): Adwaita-WARNING **: 19:13:39.662: DinoUiMainWindow 0x62f390ed4860 does not have a minimum size, set the 'width-request' and 'height-request' properties to specify it

(dino:103132): Adwaita-WARNING **: 19:13:39.715: DinoUiMainWindow 0x62f390ed4860 does not have a minimum size, set the 'width-request' and 'height-request' properties to specify it

(dino:103132): Adwaita-WARNING **: 19:13:39.774: DinoUiMainWindow 0x62f390ed4860 does not have a minimum size, set the 'width-request' and 'height-request' properties to specify it

(dino:103132): Adwaita-WARNING **: 19:13:39.822: DinoUiMainWindow 0x62f390ed4860 does not have a minimum size, set the 'width-request' and 'height-request' properties to specify it

(dino:103132): Adwaita-WARNING **: 19:13:39.874: DinoUiMainWindow 0x62f390ed4860 does not have a minimum size, set the 'width-request' and 'height-request' properties to specify it

(dino:103132): Adwaita-WARNING **: 19:13:39.903: DinoUiMainWindow 0x62f390ed4860 does not have a minimum size, set the 'width-request' and 'height-request' properties to specify it

(dino:103132): Adwaita-WARNING **: 19:13:39.922: DinoUiMainWindow 0x62f390ed4860 does not have a minimum size, set the 'width-request' and 'height-request' properties to specify it

(dino:103132): Adwaita-WARNING **: 19:13:39.934: DinoUiMainWindow 0x62f390ed4860 does not have a minimum size, set the 'width-request' and 'height-request' properties to specify it

(dino:103132): Adwaita-WARNING **: 19:13:40.006: DinoUiMainWindow 0x62f390ed4860 does not have a minimum size, set the 'width-request' and 'height-request' properties to specify it

(dino:103132): Adwaita-WARNING **: 19:13:40.023: DinoUiMainWindow 0x62f390ed4860 does not have a minimum size, set the 'width-request' and 'height-request' properties to specify it

(dino:103132): Adwaita-WARNING **: 19:13:40.036: DinoUiMainWindow 0x62f390ed4860 does not have a minimum size, set the 'width-request' and 'height-request' properties to specify it

(dino:103132): Adwaita-WARNING **: 19:13:40.056: DinoUiMainWindow 0x62f390ed4860 does not have a minimum size, set the 'width-request' and 'height-request' properties to specify it

(dino:103132): Adwaita-WARNING **: 19:13:40.071: DinoUiMainWindow 0x62f390ed4860 does not have a minimum size, set the 'width-request' and 'height-request' properties to specify it

(dino:103132): Adwaita-WARNING **: 19:13:40.394: DinoUiMainWindow 0x62f390ed4860 does not have a minimum size, set the 'width-request' and 'height-request' properties to specify it

(dino:103132): Adwaita-WARNING **: 19:13:40.417: DinoUiMainWindow 0x62f390ed4860 does not have a minimum size, set the 'width-request' and 'height-request' properties to specify it

(dino:103132): Adwaita-WARNING **: 19:13:40.460: DinoUiMainWindow 0x62f390ed4860 does not have a minimum size, set the 'width-request' and 'height-request' properties to specify it

(dino:103132): Adwaita-WARNING **: 19:13:40.493: DinoUiMainWindow 0x62f390ed4860 does not have a minimum size, set the 'width-request' and 'height-request' properties to specify it

(dino:103132): Adwaita-WARNING **: 19:13:40.525: DinoUiMainWindow 0x62f390ed4860 does not have a minimum size, set the 'width-request' and 'height-request' properties to specify it

(dino:103132): Adwaita-WARNING **: 19:13:40.556: DinoUiMainWindow 0x62f390ed4860 does not have a minimum size, set the 'width-request' and 'height-request' properties to specify it

(dino:103132): Adwaita-WARNING **: 19:13:40.639: DinoUiMainWindow 0x62f390ed4860 does not have a minimum size, set the 'width-request' and 'height-request' properties to specify it

(dino:103132): Adwaita-WARNING **: 19:13:40.651: DinoUiMainWindow 0x62f390ed4860 does not have a minimum size, set the 'width-request' and 'height-request' properties to specify it

(dino:103132): Adwaita-WARNING **: 19:13:40.671: DinoUiMainWindow 0x62f390ed4860 does not have a minimum size, set the 'width-request' and 'height-request' properties to specify it

(dino:103132): Adwaita-WARNING **: 19:13:40.702: DinoUiMainWindow 0x62f390ed4860 does not have a minimum size, set the 'width-request' and 'height-request' properties to specify it

(dino:103132): Adwaita-WARNING **: 19:13:40.739: DinoUiMainWindow 0x62f390ed4860 does not have a minimum size, set the 'width-request' and 'height-request' properties to specify it

(dino:103132): Adwaita-WARNING **: 19:13:40.804: DinoUiMainWindow 0x62f390ed4860 does not have a minimum size, set the 'width-request' and 'height-request' properties to specify it

(dino:103132): rtp-WARNING **: 19:13:40.940: device.vala:582: pipewiredevice12-tee still has 1 src pads while being destroyed

(dino:103132): Adwaita-WARNING **: 19:13:41.263: DinoUiMainWindow 0x62f390ed4860 does not have a minimum size, set the 'width-request' and 'height-request' properties to specify it

(dino:103132): Adwaita-WARNING **: 19:13:41.286: DinoUiMainWindow 0x62f390ed4860 does not have a minimum size, set the 'width-request' and 'height-request' properties to specify it

(dino:103132): Adwaita-WARNING **: 19:13:41.321: DinoUiMainWindow 0x62f390ed4860 does not have a minimum size, set the 'width-request' and 'height-request' properties to specify it

(dino:103132): Adwaita-WARNING **: 19:13:41.359: DinoUiMainWindow 0x62f390ed4860 does not have a minimum size, set the 'width-request' and 'height-request' properties to specify it

(dino:103132): Gtk-WARNING **: 19:13:41.360: GtkBox 0x62f3910b6440 adjusted size vertical min 31 natural 31 must not decrease below min 38 natural 38

(dino:103132): Adwaita-WARNING **: 19:13:41.391: DinoUiMainWindow 0x62f390ed4860 does not have a minimum size, set the 'width-request' and 'height-request' properties to specify it

(dino:103132): Adwaita-WARNING **: 19:13:42.267: DinoUiMainWindow 0x62f390ed4860 does not have a minimum size, set the 'width-request' and 'height-request' properties to specify it

(dino:103132): Adwaita-WARNING **: 19:13:44.080: DinoUiMainWindow 0x62f390ed4860 does not have a minimum size, set the 'width-request' and 'height-request' properties to specify it

(dino:103132): Adwaita-WARNING **: 19:13:44.149: DinoUiMainWindow 0x62f390ed4860 does not have a minimum size, set the 'width-request' and 'height-request' properties to specify it

(dino:103132): Gtk-WARNING **: 19:13:44.150: GtkBox 0x62f3910b6440 adjusted size vertical min 31 natural 31 must not decrease below min 38 natural 38

(dino:103132): Adwaita-WARNING **: 19:13:44.561: DinoUiMainWindow 0x62f390ed4860 does not have a minimum size, set the 'width-request' and 'height-request' properties to specify it

(dino:103132): Gtk-WARNING **: 19:13:44.562: GtkBox 0x62f3910b6440 adjusted size vertical min 31 natural 31 must not decrease below min 38 natural 38

(dino:103132): Adwaita-WARNING **: 19:13:44.591: DinoUiMainWindow 0x62f390ed4860 does not have a minimum size, set the 'width-request' and 'height-request' properties to specify it

(dino:103132): Adwaita-WARNING **: 19:13:44.625: DinoUiMainWindow 0x62f390ed4860 does not have a minimum size, set the 'width-request' and 'height-request' properties to specify it

(dino:103132): Adwaita-WARNING **: 19:13:44.638: DinoUiMainWindow 0x62f390ed4860 does not have a minimum size, set the 'width-request' and 'height-request' properties to specify it

(dino:103132): Adwaita-WARNING **: 19:13:44.654: DinoUiMainWindow 0x62f390ed4860 does not have a minimum size, set the 'width-request' and 'height-request' properties to specify it

(dino:103132): Adwaita-WARNING **: 19:13:44.668: DinoUiMainWindow 0x62f390ed4860 does not have a minimum size, set the 'width-request' and 'height-request' properties to specify it

(dino:103132): Adwaita-WARNING **: 19:13:44.683: DinoUiMainWindow 0x62f390ed4860 does not have a minimum size, set the 'width-request' and 'height-request' properties to specify it

(dino:103132): GStreamer-WARNING **: 19:13:47.664: ../gst/gstpad.c:4736:gst_pad_push_data:<encode-speex-1712860113_rtp_depay:src> Got data flow before segment event

(dino:103132): GStreamer-WARNING **: 19:13:47.664: ../gst/gstpad.c:4463:gst_pad_chain_data_unchecked:<encode-speex-1712860113_speex_decode:sink> Got data flow before segment event

(dino:103132): Adwaita-WARNING **: 19:13:50.261: DinoUiMainWindow 0x62f390ed4860 does not have a minimum size, set the 'width-request' and 'height-request' properties to specify it

(dino:103132): libnice-WARNING **: 19:13:54.030: Agent 0x62f390f16ac0 : We still have alive TURN refreshes. Consider using nice_agent_close_async() to prune them before releasing the agent.

(dino:103132): Adwaita-WARNING **: 19:13:54.047: DinoUiMainWindow 0x62f390ed4860 does not have a minimum size, set the 'width-request' and 'height-request' properties to specify it

(dino:103132): Adwaita-WARNING **: 19:13:54.084: DinoUiMainWindow 0x62f390ed4860 does not have a minimum size, set the 'width-request' and 'height-request' properties to specify it

(dino:103132): rtp-WARNING **: 19:13:56.944: device.vala:582: pipewiredevice24-tee still has 1 src pads while being destroyed

(dino:103132): Adwaita-WARNING **: 19:13:57.462: DinoUiMainWindow 0x62f390ed4860 does not have a minimum size, set the 'width-request' and 'height-request' properties to specify it

(dino:103132): Adwaita-WARNING **: 19:13:57.472: DinoUiMainWindow 0x62f390ed4860 does not have a minimum size, set the 'width-request' and 'height-request' properties to specify it

(dino:103132): Adwaita-WARNING **: 19:13:57.488: DinoUiMainWindow 0x62f390ed4860 does not have a minimum size, set the 'width-request' and 'height-request' properties to specify it

(dino:103132): Adwaita-WARNING **: 19:13:57.506: DinoUiMainWindow 0x62f390ed4860 does not have a minimum size, set the 'width-request' and 'height-request' properties to specify it

(dino:103132): Adwaita-WARNING **: 19:13:57.526: DinoUiMainWindow 0x62f390ed4860 does not have a minimum size, set the 'width-request' and 'height-request' properties to specify it

(dino:103132): Adwaita-WARNING **: 19:13:57.535: DinoUiMainWindow 0x62f390ed4860 does not have a minimum size, set the 'width-request' and 'height-request' properties to specify it

(dino:103132): Adwaita-WARNING **: 19:14:06.720: DinoUiMainWindow 0x62f390ed4860 does not have a minimum size, set the 'width-request' and 'height-request' properties to specify it

(dino:103132): Adwaita-WARNING **: 19:14:26.525: DinoUiMainWindow 0x62f390ed4860 does not have a minimum size, set the 'width-request' and 'height-request' properties to specify it

(dino:103132): Adwaita-WARNING **: 19:14:43.605: DinoUiMainWindow 0x62f390ed4860 does not have a minimum size, set the 'width-request' and 'height-request' properties to specify it

(dino:103132): Adwaita-WARNING **: 19:14:50.944: DinoUiMainWindow 0x62f390ed4860 does not have a minimum size, set the 'width-request' and 'height-request' properties to specify it

(dino:103132): Adwaita-WARNING **: 19:15:06.721: DinoUiMainWindow 0x62f390ed4860 does not have a minimum size, set the 'width-request' and 'height-request' properties to specify it

(dino:103132): Adwaita-WARNING **: 19:15:26.528: DinoUiMainWindow 0x62f390ed4860 does not have a minimum size, set the 'width-request' and 'height-request' properties to specify it

(dino:103132): Adwaita-WARNING **: 19:15:43.606: DinoUiMainWindow 0x62f390ed4860 does not have a minimum size, set the 'width-request' and 'height-request' properties to specify it

(dino:103132): Adwaita-WARNING **: 19:15:50.943: DinoUiMainWindow 0x62f390ed4860 does not have a minimum size, set the 'width-request' and 'height-request' properties to specify it

(dino:103132): Adwaita-WARNING **: 19:16:06.722: DinoUiMainWindow 0x62f390ed4860 does not have a minimum size, set the 'width-request' and 'height-request' properties to specify it

(dino:103132): Adwaita-WARNING **: 19:16:26.530: DinoUiMainWindow 0x62f390ed4860 does not have a minimum size, set the 'width-request' and 'height-request' properties to specify it

(dino:103132): Adwaita-WARNING **: 19:16:43.608: DinoUiMainWindow 0x62f390ed4860 does not have a minimum size, set the 'width-request' and 'height-request' properties to specify it

(dino:103132): Adwaita-WARNING **: 19:16:50.943: DinoUiMainWindow 0x62f390ed4860 does not have a minimum size, set the 'width-request' and 'height-request' properties to specify it

(dino:103132): Adwaita-WARNING **: 19:17:06.724: DinoUiMainWindow 0x62f390ed4860 does not have a minimum size, set the 'width-request' and 'height-request' properties to specify it

(dino:103132): Adwaita-WARNING **: 19:17:26.531: DinoUiMainWindow 0x62f390ed4860 does not have a minimum size, set the 'width-request' and 'height-request' properties to specify it

(dino:103132): Adwaita-WARNING **: 19:17:43.609: DinoUiMainWindow 0x62f390ed4860 does not have a minimum size, set the 'width-request' and 'height-request' properties to specify it

(dino:103132): Adwaita-WARNING **: 19:17:50.943: DinoUiMainWindow 0x62f390ed4860 does not have a minimum size, set the 'width-request' and 'height-request' properties to specify it

(dino:103132): Adwaita-WARNING **: 19:18:06.725: DinoUiMainWindow 0x62f390ed4860 does not have a minimum size, set the 'width-request' and 'height-request' properties to specify it

(dino:103132): Adwaita-WARNING **: 19:18:26.532: DinoUiMainWindow 0x62f390ed4860 does not have a minimum size, set the 'width-request' and 'height-request' properties to specify it

(dino:103132): Adwaita-WARNING **: 19:18:43.610: DinoUiMainWindow 0x62f390ed4860 does not have a minimum size, set the 'width-request' and 'height-request' properties to specify it

(dino:103132): Adwaita-WARNING **: 19:18:50.943: DinoUiMainWindow 0x62f390ed4860 does not have a minimum size, set the 'width-request' and 'height-request' properties to specify it

(dino:103132): Adwaita-WARNING **: 19:19:06.726: DinoUiMainWindow 0x62f390ed4860 does not have a minimum size, set the 'width-request' and 'height-request' properties to specify it

(dino:103132): Adwaita-WARNING **: 19:19:12.862: DinoUiMainWindow 0x62f390ed4860 does not have a minimum size, set the 'width-request' and 'height-request' properties to specify it

(dino:103132): Adwaita-WARNING **: 19:19:26.533: DinoUiMainWindow 0x62f390ed4860 does not have a minimum size, set the 'width-request' and 'height-request' properties to specify it

(dino:103132): Adwaita-WARNING **: 19:19:43.612: DinoUiMainWindow 0x62f390ed4860 does not have a minimum size, set the 'width-request' and 'height-request' properties to specify it

(dino:103132): Adwaita-WARNING **: 19:19:50.945: DinoUiMainWindow 0x62f390ed4860 does not have a minimum size, set the 'width-request' and 'height-request' properties to specify it

(dino:103132): Adwaita-WARNING **: 19:20:06.727: DinoUiMainWindow 0x62f390ed4860 does not have a minimum size, set the 'width-request' and 'height-request' properties to specify it

(dino:103132): Adwaita-WARNING **: 19:20:26.535: DinoUiMainWindow 0x62f390ed4860 does not have a minimum size, set the 'width-request' and 'height-request' properties to specify it

(dino:103132): Adwaita-WARNING **: 19:20:43.613: DinoUiMainWindow 0x62f390ed4860 does not have a minimum size, set the 'width-request' and 'height-request' properties to specify it

(dino:103132): Adwaita-WARNING **: 19:20:50.944: DinoUiMainWindow 0x62f390ed4860 does not have a minimum size, set the 'width-request' and 'height-request' properties to specify it

(dino:103132): Adwaita-WARNING **: 19:21:06.729: DinoUiMainWindow 0x62f390ed4860 does not have a minimum size, set the 'width-request' and 'height-request' properties to specify it

(dino:103132): Adwaita-WARNING **: 19:21:26.536: DinoUiMainWindow 0x62f390ed4860 does not have a minimum size, set the 'width-request' and 'height-request' properties to specify it

(dino:103132): Adwaita-WARNING **: 19:21:43.615: DinoUiMainWindow 0x62f390ed4860 does not have a minimum size, set the 'width-request' and 'height-request' properties to specify it

(dino:103132): Adwaita-WARNING **: 19:21:50.943: DinoUiMainWindow 0x62f390ed4860 does not have a minimum size, set the 'width-request' and 'height-request' properties to specify it

(dino:103132): Adwaita-WARNING **: 19:22:06.730: DinoUiMainWindow 0x62f390ed4860 does not have a minimum size, set the 'width-request' and 'height-request' properties to specify it

(dino:103132): Adwaita-WARNING **: 19:22:26.538: DinoUiMainWindow 0x62f390ed4860 does not have a minimum size, set the 'width-request' and 'height-request' properties to specify it

(dino:103132): Adwaita-WARNING **: 19:22:43.617: DinoUiMainWindow 0x62f390ed4860 does not have a minimum size, set the 'width-request' and 'height-request' properties to specify it

(dino:103132): Adwaita-WARNING **: 19:22:50.954: DinoUiMainWindow 0x62f390ed4860 does not have a minimum size, set the 'width-request' and 'height-request' properties to specify it

(dino:103132): Adwaita-WARNING **: 19:22:51.322: DinoUiMainWindow 0x62f390ed4860 does not have a minimum size, set the 'width-request' and 'height-request' properties to specify it

(dino:103132): Adwaita-WARNING **: 19:23:18.551: DinoUiMainWindow 0x62f390ed4860 does not have a minimum size, set the 'width-request' and 'height-request' properties to specify it

(dino:103132): Adwaita-WARNING **: 19:23:18.569: DinoUiMainWindow 0x62f390ed4860 does not have a minimum size, set the 'width-request' and 'height-request' properties to specify it

(dino:103132): Adwaita-WARNING **: 19:23:21.134: DinoUiMainWindow 0x62f390ed4860 does not have a minimum size, set the 'width-request' and 'height-request' properties to specify it

(dino:103132): Gtk-WARNING **: 19:23:21.134: GtkBox 0x62f3910b6440 adjusted size vertical min 31 natural 31 must not decrease below min 38 natural 38

(dino:103132): Adwaita-WARNING **: 19:23:21.181: DinoUiMainWindow 0x62f390ed4860 does not have a minimum size, set the 'width-request' and 'height-request' properties to specify it

(dino:103132): Gtk-WARNING **: 19:23:21.182: GtkBox 0x62f3910b6440 adjusted size vertical min 31 natural 31 must not decrease below min 38 natural 38

(dino:103132): Adwaita-WARNING **: 19:23:21.193: DinoUiMainWindow 0x62f390ed4860 does not have a minimum size, set the 'width-request' and 'height-request' properties to specify it

(dino:103132): Gtk-WARNING **: 19:23:21.193: GtkBox 0x62f3910b6440 adjusted size vertical min 31 natural 31 must not decrease below min 38 natural 38

(dino:103132): Adwaita-WARNING **: 19:23:21.203: DinoUiMainWindow 0x62f390ed4860 does not have a minimum size, set the 'width-request' and 'height-request' properties to specify it

(dino:103132): Gtk-WARNING **: 19:23:21.204: GtkBox 0x62f3910b6440 adjusted size vertical min 31 natural 31 must not decrease below min 38 natural 38

(dino:103132): Adwaita-WARNING **: 19:23:21.219: DinoUiMainWindow 0x62f390ed4860 does not have a minimum size, set the 'width-request' and 'height-request' properties to specify it

(dino:103132): Adwaita-WARNING **: 19:23:21.237: DinoUiMainWindow 0x62f390ed4860 does not have a minimum size, set the 'width-request' and 'height-request' properties to specify it

(dino:103132): Adwaita-WARNING **: 19:23:21.269: DinoUiMainWindow 0x62f390ed4860 does not have a minimum size, set the 'width-request' and 'height-request' properties to specify it

(dino:103132): Adwaita-WARNING **: 19:23:21.862: DinoUiMainWindow 0x62f390ed4860 does not have a minimum size, set the 'width-request' and 'height-request' properties to specify it

(dino:103132): Adwaita-WARNING **: 19:23:21.890: DinoUiMainWindow 0x62f390ed4860 does not have a minimum size, set the 'width-request' and 'height-request' properties to specify it

(dino:103132): Adwaita-WARNING **: 19:23:21.919: DinoUiMainWindow 0x62f390ed4860 does not have a minimum size, set the 'width-request' and 'height-request' properties to specify it

(dino:103132): Adwaita-WARNING **: 19:23:21.963: DinoUiMainWindow 0x62f390ed4860 does not have a minimum size, set the 'width-request' and 'height-request' properties to specify it

(dino:103132): Adwaita-WARNING **: 19:23:22.001: DinoUiMainWindow 0x62f390ed4860 does not have a minimum size, set the 'width-request' and 'height-request' properties to specify it

(dino:103132): Adwaita-WARNING **: 19:23:22.023: DinoUiMainWindow 0x62f390ed4860 does not have a minimum size, set the 'width-request' and 'height-request' properties to specify it

(dino:103132): Adwaita-WARNING **: 19:23:22.040: DinoUiMainWindow 0x62f390ed4860 does not have a minimum size, set the 'width-request' and 'height-request' properties to specify it

(dino:103132): Adwaita-WARNING **: 19:23:22.073: DinoUiMainWindow 0x62f390ed4860 does not have a minimum size, set the 'width-request' and 'height-request' properties to specify it

(dino:103132): Adwaita-WARNING **: 19:23:22.592: DinoUiMainWindow 0x62f390ed4860 does not have a minimum size, set the 'width-request' and 'height-request' properties to specify it

(dino:103132): Adwaita-WARNING **: 19:23:22.650: DinoUiMainWindow 0x62f390ed4860 does not have a minimum size, set the 'width-request' and 'height-request' properties to specify it

(dino:103132): Adwaita-WARNING **: 19:23:22.688: DinoUiMainWindow 0x62f390ed4860 does not have a minimum size, set the 'width-request' and 'height-request' properties to specify it

(dino:103132): Adwaita-WARNING **: 19:23:22.782: DinoUiMainWindow 0x62f390ed4860 does not have a minimum size, set the 'width-request' and 'height-request' properties to specify it

(dino:103132): Adwaita-WARNING **: 19:23:22.814: DinoUiMainWindow 0x62f390ed4860 does not have a minimum size, set the 'width-request' and 'height-request' properties to specify it

(dino:103132): Adwaita-WARNING **: 19:23:23.981: DinoUiMainWindow 0x62f390ed4860 does not have a minimum size, set the 'width-request' and 'height-request' properties to specify it

(dino:103132): Adwaita-WARNING **: 19:23:24.015: DinoUiMainWindow 0x62f390ed4860 does not have a minimum size, set the 'width-request' and 'height-request' properties to specify it

(dino:103132): Adwaita-WARNING **: 19:23:24.029: DinoUiMainWindow 0x62f390ed4860 does not have a minimum size, set the 'width-request' and 'height-request' properties to specify it

(dino:103132): Adwaita-WARNING **: 19:23:24.072: DinoUiMainWindow 0x62f390ed4860 does not have a minimum size, set the 'width-request' and 'height-request' properties to specify it

(dino:103132): Adwaita-WARNING **: 19:23:24.140: DinoUiMainWindow 0x62f390ed4860 does not have a minimum size, set the 'width-request' and 'height-request' properties to specify it

(dino:103132): Adwaita-WARNING **: 19:23:24.155: DinoUiMainWindow 0x62f390ed4860 does not have a minimum size, set the 'width-request' and 'height-request' properties to specify it

(dino:103132): Adwaita-WARNING **: 19:23:24.171: DinoUiMainWindow 0x62f390ed4860 does not have a minimum size, set the 'width-request' and 'height-request' properties to specify it

(dino:103132): Adwaita-WARNING **: 19:23:24.186: DinoUiMainWindow 0x62f390ed4860 does not have a minimum size, set the 'width-request' and 'height-request' properties to specify it

(dino:103132): Adwaita-WARNING **: 19:23:34.070: DinoUiMainWindow 0x62f390ed4860 does not have a minimum size, set the 'width-request' and 'height-request' properties to specify it

(dino:103132): Adwaita-WARNING **: 19:23:34.153: DinoUiMainWindow 0x62f390ed4860 does not have a minimum size, set the 'width-request' and 'height-request' properties to specify it

(dino:103132): Adwaita-WARNING **: 19:23:34.168: DinoUiMainWindow 0x62f390ed4860 does not have a minimum size, set the 'width-request' and 'height-request' properties to specify it

(dino:103132): Adwaita-WARNING **: 19:23:34.538: DinoUiMainWindow 0x62f390ed4860 does not have a minimum size, set the 'width-request' and 'height-request' properties to specify it

(dino:103132): Adwaita-WARNING **: 19:23:34.565: DinoUiMainWindow 0x62f390ed4860 does not have a minimum size, set the 'width-request' and 'height-request' properties to specify it

(dino:103132): Adwaita-WARNING **: 19:23:34.633: DinoUiMainWindow 0x62f390ed4860 does not have a minimum size, set the 'width-request' and 'height-request' properties to specify it

(dino:103132): Adwaita-WARNING **: 19:23:34.664: DinoUiMainWindow 0x62f390ed4860 does not have a minimum size, set the 'width-request' and 'height-request' properties to specify it

(dino:103132): Adwaita-WARNING **: 19:23:34.755: DinoUiMainWindow 0x62f390ed4860 does not have a minimum size, set the 'width-request' and 'height-request' properties to specify it

(dino:103132): Adwaita-WARNING **: 19:23:34.833: DinoUiMainWindow 0x62f390ed4860 does not have a minimum size, set the 'width-request' and 'height-request' properties to specify it

(dino:103132): Adwaita-WARNING **: 19:23:34.889: DinoUiMainWindow 0x62f390ed4860 does not have a minimum size, set the 'width-request' and 'height-request' properties to specify it

(dino:103132): Adwaita-WARNING **: 19:24:23.543: DinoUiMainWindow 0x62f390ed4860 does not have a minimum size, set the 'width-request' and 'height-request' properties to specify it

(dino:103132): Adwaita-WARNING **: 19:24:23.561: DinoUiMainWindow 0x62f390ed4860 does not have a minimum size, set the 'width-request' and 'height-request' properties to specify it

(dino:103132): Adwaita-WARNING **: 19:24:23.586: DinoUiMainWindow 0x62f390ed4860 does not have a minimum size, set the 'width-request' and 'height-request' properties to specify it

(dino:103132): Adwaita-WARNING **: 19:24:23.601: DinoUiMainWindow 0x62f390ed4860 does not have a minimum size, set the 'width-request' and 'height-request' properties to specify it

(dino:103132): Adwaita-WARNING **: 19:24:23.620: DinoUiMainWindow 0x62f390ed4860 does not have a minimum size, set the 'width-request' and 'height-request' properties to specify it

(dino:103132): Adwaita-WARNING **: 19:24:23.637: DinoUiMainWindow 0x62f390ed4860 does not have a minimum size, set the 'width-request' and 'height-request' properties to specify it

(dino:103132): Adwaita-WARNING **: 19:24:23.650: DinoUiMainWindow 0x62f390ed4860 does not have a minimum size, set the 'width-request' and 'height-request' properties to specify it

(dino:103132): Adwaita-WARNING **: 19:24:23.670: DinoUiMainWindow 0x62f390ed4860 does not have a minimum size, set the 'width-request' and 'height-request' properties to specify it

(dino:103132): Adwaita-WARNING **: 19:24:23.683: DinoUiMainWindow 0x62f390ed4860 does not have a minimum size, set the 'width-request' and 'height-request' properties to specify it

(dino:103132): Adwaita-WARNING **: 19:24:23.704: DinoUiMainWindow 0x62f390ed4860 does not have a minimum size, set the 'width-request' and 'height-request' properties to specify it

(dino:103132): Adwaita-WARNING **: 19:24:23.722: DinoUiMainWindow 0x62f390ed4860 does not have a minimum size, set the 'width-request' and 'height-request' properties to specify it

(dino:103132): Adwaita-WARNING **: 19:24:23.739: DinoUiMainWindow 0x62f390ed4860 does not have a minimum size, set the 'width-request' and 'height-request' properties to specify it

(dino:103132): Adwaita-WARNING **: 19:24:23.756: DinoUiMainWindow 0x62f390ed4860 does not have a minimum size, set the 'width-request' and 'height-request' properties to specify it

(dino:103132): Adwaita-WARNING **: 19:24:24.366: DinoUiMainWindow 0x62f390ed4860 does not have a minimum size, set the 'width-request' and 'height-request' properties to specify it

(dino:103132): Adwaita-WARNING **: 19:24:24.405: DinoUiMainWindow 0x62f390ed4860 does not have a minimum size, set the 'width-request' and 'height-request' properties to specify it

(dino:103132): Adwaita-WARNING **: 19:24:24.579: DinoUiMainWindow 0x62f390ed4860 does not have a minimum size, set the 'width-request' and 'height-request' properties to specify it

(dino:103132): Adwaita-WARNING **: 19:24:24.605: DinoUiMainWindow 0x62f390ed4860 does not have a minimum size, set the 'width-request' and 'height-request' properties to specify it

(dino:103132): Adwaita-WARNING **: 19:24:24.623: DinoUiMainWindow 0x62f390ed4860 does not have a minimum size, set the 'width-request' and 'height-request' properties to specify it

(dino:103132): Adwaita-WARNING **: 19:24:24.637: DinoUiMainWindow 0x62f390ed4860 does not have a minimum size, set the 'width-request' and 'height-request' properties to specify it

(dino:103132): Adwaita-WARNING **: 19:24:24.655: DinoUiMainWindow 0x62f390ed4860 does not have a minimum size, set the 'width-request' and 'height-request' properties to specify it

(dino:103132): Adwaita-WARNING **: 19:24:24.673: DinoUiMainWindow 0x62f390ed4860 does not have a minimum size, set the 'width-request' and 'height-request' properties to specify it

(dino:103132): Adwaita-WARNING **: 19:24:24.688: DinoUiMainWindow 0x62f390ed4860 does not have a minimum size, set the 'width-request' and 'height-request' properties to specify it

(dino:103132): Adwaita-WARNING **: 19:24:24.701: DinoUiMainWindow 0x62f390ed4860 does not have a minimum size, set the 'width-request' and 'height-request' properties to specify it

(dino:103132): Adwaita-WARNING **: 19:24:24.719: DinoUiMainWindow 0x62f390ed4860 does not have a minimum size, set the 'width-request' and 'height-request' properties to specify it

(dino:103132): Adwaita-WARNING **: 19:24:24.784: DinoUiMainWindow 0x62f390ed4860 does not have a minimum size, set the 'width-request' and 'height-request' properties to specify it

(dino:103132): Adwaita-WARNING **: 19:24:24.802: DinoUiMainWindow 0x62f390ed4860 does not have a minimum size, set the 'width-request' and 'height-request' properties to specify it

(dino:103132): Adwaita-WARNING **: 19:24:24.823: DinoUiMainWindow 0x62f390ed4860 does not have a minimum size, set the 'width-request' and 'height-request' properties to specify it

(dino:103132): Adwaita-WARNING **: 19:24:24.840: DinoUiMainWindow 0x62f390ed4860 does not have a minimum size, set the 'width-request' and 'height-request' properties to specify it

(dino:103132): Adwaita-WARNING **: 19:24:24.854: DinoUiMainWindow 0x62f390ed4860 does not have a minimum size, set the 'width-request' and 'height-request' properties to specify it

(dino:103132): Adwaita-WARNING **: 19:24:24.872: DinoUiMainWindow 0x62f390ed4860 does not have a minimum size, set the 'width-request' and 'height-request' properties to specify it

(dino:103132): Adwaita-WARNING **: 19:24:24.886: DinoUiMainWindow 0x62f390ed4860 does not have a minimum size, set the 'width-request' and 'height-request' properties to specify it

(dino:103132): Adwaita-WARNING **: 19:24:24.903: DinoUiMainWindow 0x62f390ed4860 does not have a minimum size, set the 'width-request' and 'height-request' properties to specify it

(dino:103132): Gtk-WARNING **: 19:24:24.903: GtkBox 0x62f3910b6440 adjusted size vertical min 31 natural 31 must not decrease below min 38 natural 38

(dino:103132): Adwaita-WARNING **: 19:24:24.920: DinoUiMainWindow 0x62f390ed4860 does not have a minimum size, set the 'width-request' and 'height-request' properties to specify it

(dino:103132): Gtk-WARNING **: 19:24:24.921: GtkBox 0x62f3910b6440 adjusted size vertical min 31 natural 31 must not decrease below min 38 natural 38

(dino:103132): Adwaita-WARNING **: 19:24:24.938: DinoUiMainWindow 0x62f390ed4860 does not have a minimum size, set the 'width-request' and 'height-request' properties to specify it

(dino:103132): Gtk-WARNING **: 19:24:24.939: GtkBox 0x62f3910b6440 adjusted size vertical min 31 natural 31 must not decrease below min 38 natural 38

(dino:103132): Adwaita-WARNING **: 19:24:24.954: DinoUiMainWindow 0x62f390ed4860 does not have a minimum size, set the 'width-request' and 'height-request' properties to specify it

(dino:103132): Gtk-WARNING **: 19:24:24.955: GtkBox 0x62f3910b6440 adjusted size vertical min 31 natural 31 must not decrease below min 38 natural 38

(dino:103132): Adwaita-WARNING **: 19:24:24.968: DinoUiMainWindow 0x62f390ed4860 does not have a minimum size, set the 'width-request' and 'height-request' properties to specify it

(dino:103132): Gtk-WARNING **: 19:24:24.969: GtkBox 0x62f3910b6440 adjusted size vertical min 31 natural 31 must not decrease below min 38 natural 38

(dino:103132): Adwaita-WARNING **: 19:24:24.986: DinoUiMainWindow 0x62f390ed4860 does not have a minimum size, set the 'width-request' and 'height-request' properties to specify it

(dino:103132): Gtk-WARNING **: 19:24:24.987: GtkBox 0x62f3910b6440 adjusted size vertical min 31 natural 31 must not decrease below min 38 natural 38

(dino:103132): Adwaita-WARNING **: 19:24:25.007: DinoUiMainWindow 0x62f390ed4860 does not have a minimum size, set the 'width-request' and 'height-request' properties to specify it

(dino:103132): Gtk-WARNING **: 19:24:25.008: GtkBox 0x62f3910b6440 adjusted size vertical min 31 natural 31 must not decrease below min 38 natural 38

(dino:103132): Adwaita-WARNING **: 19:24:25.020: DinoUiMainWindow 0x62f390ed4860 does not have a minimum size, set the 'width-request' and 'height-request' properties to specify it

(dino:103132): Gtk-WARNING **: 19:24:25.021: GtkBox 0x62f3910b6440 adjusted size vertical min 31 natural 31 must not decrease below min 38 natural 38

(dino:103132): Adwaita-WARNING **: 19:24:25.036: DinoUiMainWindow 0x62f390ed4860 does not have a minimum size, set the 'width-request' and 'height-request' properties to specify it

(dino:103132): Gtk-WARNING **: 19:24:25.036: GtkBox 0x62f3910b6440 adjusted size vertical min 31 natural 31 must not decrease below min 38 natural 38

(dino:103132): Adwaita-WARNING **: 19:24:25.052: DinoUiMainWindow 0x62f390ed4860 does not have a minimum size, set the 'width-request' and 'height-request' properties to specify it

(dino:103132): Adwaita-WARNING **: 19:24:26.336: DinoUiMainWindow 0x62f390ed4860 does not have a minimum size, set the 'width-request' and 'height-request' properties to specify it

(dino:103132): Gtk-WARNING **: 19:24:26.337: GtkBox 0x62f3910b6440 adjusted size vertical min 31 natural 31 must not decrease below min 38 natural 38

(dino:103132): Adwaita-WARNING **: 19:24:26.368: DinoUiMainWindow 0x62f390ed4860 does not have a minimum size, set the 'width-request' and 'height-request' properties to specify it

(dino:103132): Gtk-WARNING **: 19:24:26.368: GtkBox 0x62f3910b6440 adjusted size vertical min 31 natural 31 must not decrease below min 38 natural 38

(dino:103132): Adwaita-WARNING **: 19:24:26.390: DinoUiMainWindow 0x62f390ed4860 does not have a minimum size, set the 'width-request' and 'height-request' properties to specify it

(dino:103132): Gtk-WARNING **: 19:24:26.391: GtkBox 0x62f3910b6440 adjusted size vertical min 31 natural 31 must not decrease below min 38 natural 38

(dino:103132): Adwaita-WARNING **: 19:24:26.404: DinoUiMainWindow 0x62f390ed4860 does not have a minimum size, set the 'width-request' and 'height-request' properties to specify it

(dino:103132): Gtk-WARNING **: 19:24:26.404: GtkBox 0x62f3910b6440 adjusted size vertical min 31 natural 31 must not decrease below min 38 natural 38

(dino:103132): Adwaita-WARNING **: 19:24:26.437: DinoUiMainWindow 0x62f390ed4860 does not have a minimum size, set the 'width-request' and 'height-request' properties to specify it

(dino:103132): Gtk-WARNING **: 19:24:26.438: GtkBox 0x62f3910b6440 adjusted size vertical min 31 natural 31 must not decrease below min 38 natural 38

(dino:103132): Adwaita-WARNING **: 19:24:26.457: DinoUiMainWindow 0x62f390ed4860 does not have a minimum size, set the 'width-request' and 'height-request' properties to specify it

(dino:103132): Gtk-WARNING **: 19:24:26.457: GtkBox 0x62f3910b6440 adjusted size vertical min 31 natural 31 must not decrease below min 38 natural 38

(dino:103132): Adwaita-WARNING **: 19:24:26.466: DinoUiMainWindow 0x62f390ed4860 does not have a minimum size, set the 'width-request' and 'height-request' properties to specify it

(dino:103132): Adwaita-WARNING **: 19:24:27.826: DinoUiMainWindow 0x62f390ed4860 does not have a minimum size, set the 'width-request' and 'height-request' properties to specify it

(dino:103132): Adwaita-WARNING **: 19:24:30.369: DinoUiMainWindow 0x62f390ed4860 does not have a minimum size, set the 'width-request' and 'height-request' properties to specify it

(dino:103132): Adwaita-WARNING **: 19:24:50.945: DinoUiMainWindow 0x62f390ed4860 does not have a minimum size, set the 'width-request' and 'height-request' properties to specify it

(dino:103132): Adwaita-WARNING **: 19:25:11.556: DinoUiMainWindow 0x62f390ed4860 does not have a minimum size, set the 'width-request' and 'height-request' properties to specify it

(dino:103132): Adwaita-WARNING **: 19:25:11.585: DinoUiMainWindow 0x62f390ed4860 does not have a minimum size, set the 'width-request' and 'height-request' properties to specify it

(dino:103132): Adwaita-WARNING **: 19:25:11.601: DinoUiMainWindow 0x62f390ed4860 does not have a minimum size, set the 'width-request' and 'height-request' properties to specify it

(dino:103132): Adwaita-WARNING **: 19:25:11.617: DinoUiMainWindow 0x62f390ed4860 does not have a minimum size, set the 'width-request' and 'height-request' properties to specify it

(dino:103132): Adwaita-WARNING **: 19:25:11.634: DinoUiMainWindow 0x62f390ed4860 does not have a minimum size, set the 'width-request' and 'height-request' properties to specify it

(dino:103132): Adwaita-WARNING **: 19:25:11.652: DinoUiMainWindow 0x62f390ed4860 does not have a minimum size, set the 'width-request' and 'height-request' properties to specify it

(dino:103132): Adwaita-WARNING **: 19:25:11.667: DinoUiMainWindow 0x62f390ed4860 does not have a minimum size, set the 'width-request' and 'height-request' properties to specify it

(dino:103132): Adwaita-WARNING **: 19:25:11.685: DinoUiMainWindow 0x62f390ed4860 does not have a minimum size, set the 'width-request' and 'height-request' properties to specify it

(dino:103132): Adwaita-WARNING **: 19:25:11.700: DinoUiMainWindow 0x62f390ed4860 does not have a minimum size, set the 'width-request' and 'height-request' properties to specify it

(dino:103132): Adwaita-WARNING **: 19:25:11.717: DinoUiMainWindow 0x62f390ed4860 does not have a minimum size, set the 'width-request' and 'height-request' properties to specify it

(dino:103132): Adwaita-WARNING **: 19:25:11.732: DinoUiMainWindow 0x62f390ed4860 does not have a minimum size, set the 'width-request' and 'height-request' properties to specify it

(dino:103132): Adwaita-WARNING **: 19:25:11.751: DinoUiMainWindow 0x62f390ed4860 does not have a minimum size, set the 'width-request' and 'height-request' properties to specify it

(dino:103132): Adwaita-WARNING **: 19:25:11.764: DinoUiMainWindow 0x62f390ed4860 does not have a minimum size, set the 'width-request' and 'height-request' properties to specify it

(dino:103132): Adwaita-WARNING **: 19:25:11.782: DinoUiMainWindow 0x62f390ed4860 does not have a minimum size, set the 'width-request' and 'height-request' properties to specify it

(dino:103132): Adwaita-WARNING **: 19:25:12.863: DinoUiMainWindow 0x62f390ed4860 does not have a minimum size, set the 'width-request' and 'height-request' properties to specify it

(dino:103132): Adwaita-WARNING **: 19:25:12.889: DinoUiMainWindow 0x62f390ed4860 does not have a minimum size, set the 'width-request' and 'height-request' properties to specify it

(dino:103132): Adwaita-WARNING **: 19:25:12.902: DinoUiMainWindow 0x62f390ed4860 does not have a minimum size, set the 'width-request' and 'height-request' properties to specify it

(dino:103132): Adwaita-WARNING **: 19:25:12.916: DinoUiMainWindow 0x62f390ed4860 does not have a minimum size, set the 'width-request' and 'height-request' properties to specify it

(dino:103132): Adwaita-WARNING **: 19:25:12.932: DinoUiMainWindow 0x62f390ed4860 does not have a minimum size, set the 'width-request' and 'height-request' properties to specify it

(dino:103132): Adwaita-WARNING **: 19:25:12.948: DinoUiMainWindow 0x62f390ed4860 does not have a minimum size, set the 'width-request' and 'height-request' properties to specify it

(dino:103132): Adwaita-WARNING **: 19:25:12.967: DinoUiMainWindow 0x62f390ed4860 does not have a minimum size, set the 'width-request' and 'height-request' properties to specify it

(dino:103132): Adwaita-WARNING **: 19:25:12.981: DinoUiMainWindow 0x62f390ed4860 does not have a minimum size, set the 'width-request' and 'height-request' properties to specify it

(dino:103132): Adwaita-WARNING **: 19:25:12.998: DinoUiMainWindow 0x62f390ed4860 does not have a minimum size, set the 'width-request' and 'height-request' properties to specify it

(dino:103132): Adwaita-WARNING **: 19:25:13.016: DinoUiMainWindow 0x62f390ed4860 does not have a minimum size, set the 'width-request' and 'height-request' properties to specify it

(dino:103132): Adwaita-WARNING **: 19:25:13.030: DinoUiMainWindow 0x62f390ed4860 does not have a minimum size, set the 'width-request' and 'height-request' properties to specify it

(dino:103132): Adwaita-WARNING **: 19:25:13.046: DinoUiMainWindow 0x62f390ed4860 does not have a minimum size, set the 'width-request' and 'height-request' properties to specify it

(dino:103132): Adwaita-WARNING **: 19:25:13.063: DinoUiMainWindow 0x62f390ed4860 does not have a minimum size, set the 'width-request' and 'height-request' properties to specify it

(dino:103132): Adwaita-WARNING **: 19:25:50.948: DinoUiMainWindow 0x62f390ed4860 does not have a minimum size, set the 'width-request' and 'height-request' properties to specify it

(dino:103132): Adwaita-WARNING **: 19:26:50.587: DinoUiMainWindow 0x62f390ed4860 does not have a minimum size, set the 'width-request' and 'height-request' properties to specify it

(dino:103132): Adwaita-WARNING **: 19:26:50.943: DinoUiMainWindow 0x62f390ed4860 does not have a minimum size, set the 'width-request' and 'height-request' properties to specify it

(dino:103132): Adwaita-WARNING **: 19:27:03.002: DinoUiMainWindow 0x62f390ed4860 does not have a minimum size, set the 'width-request' and 'height-request' properties to specify it

(dino:103132): Adwaita-WARNING **: 19:27:06.951: DinoUiMainWindow 0x62f390ed4860 does not have a minimum size, set the 'width-request' and 'height-request' properties to specify it

(dino:103132): Adwaita-WARNING **: 19:27:08.914: DinoUiMainWindow 0x62f390ed4860 does not have a minimum size, set the 'width-request' and 'height-request' properties to specify it

(dino:103132): Gtk-WARNING **: 19:27:08.915: GtkBox 0x62f3910b6440 adjusted size vertical min 31 natural 31 must not decrease below min 38 natural 38

(dino:103132): Adwaita-WARNING **: 19:27:08.956: DinoUiMainWindow 0x62f390ed4860 does not have a minimum size, set the 'width-request' and 'height-request' properties to specify it

(dino:103132): Gtk-WARNING **: 19:27:08.957: GtkBox 0x62f3910b6440 adjusted size vertical min 31 natural 31 must not decrease below min 38 natural 38

(dino:103132): Adwaita-WARNING **: 19:27:08.969: DinoUiMainWindow 0x62f390ed4860 does not have a minimum size, set the 'width-request' and 'height-request' properties to specify it

(dino:103132): Gtk-WARNING **: 19:27:08.969: GtkBox 0x62f3910b6440 adjusted size vertical min 31 natural 31 must not decrease below min 38 natural 38

(dino:103132): Adwaita-WARNING **: 19:27:08.987: DinoUiMainWindow 0x62f390ed4860 does not have a minimum size, set the 'width-request' and 'height-request' properties to specify it

(dino:103132): Gtk-WARNING **: 19:27:08.987: GtkBox 0x62f3910b6440 adjusted size vertical min 31 natural 31 must not decrease below min 38 natural 38

(dino:103132): Adwaita-WARNING **: 19:27:09.001: DinoUiMainWindow 0x62f390ed4860 does not have a minimum size, set the 'width-request' and 'height-request' properties to specify it

(dino:103132): Gtk-WARNING **: 19:27:09.001: GtkBox 0x62f3910b6440 adjusted size vertical min 31 natural 31 must not decrease below min 38 natural 38

(dino:103132): Adwaita-WARNING **: 19:27:09.027: DinoUiMainWindow 0x62f390ed4860 does not have a minimum size, set the 'width-request' and 'height-request' properties to specify it

(dino:103132): Gtk-WARNING **: 19:27:09.027: GtkBox 0x62f3910b6440 adjusted size vertical min 31 natural 31 must not decrease below min 38 natural 38

(dino:103132): Adwaita-WARNING **: 19:27:09.053: DinoUiMainWindow 0x62f390ed4860 does not have a minimum size, set the 'width-request' and 'height-request' properties to specify it

(dino:103132): Adwaita-WARNING **: 19:27:09.071: DinoUiMainWindow 0x62f390ed4860 does not have a minimum size, set the 'width-request' and 'height-request' properties to specify it

(dino:103132): Adwaita-WARNING **: 19:27:09.090: DinoUiMainWindow 0x62f390ed4860 does not have a minimum size, set the 'width-request' and 'height-request' properties to specify it

(dino:103132): Adwaita-WARNING **: 19:27:09.149: DinoUiMainWindow 0x62f390ed4860 does not have a minimum size, set the 'width-request' and 'height-request' properties to specify it

(dino:103132): Adwaita-WARNING **: 19:27:16.186: DinoUiMainWindow 0x62f390ed4860 does not have a minimum size, set the 'width-request' and 'height-request' properties to specify it

(dino:103132): Adwaita-WARNING **: 19:27:28.759: DinoUiMainWindow 0x62f390ed4860 does not have a minimum size, set the 'width-request' and 'height-request' properties to specify it

(dino:103132): Adwaita-WARNING **: 19:27:30.819: DinoUiMainWindow 0x62f390ed4860 does not have a minimum size, set the 'width-request' and 'height-request' properties to specify it

(dino:103132): Adwaita-WARNING **: 19:27:30.834: DinoUiMainWindow 0x62f390ed4860 does not have a minimum size, set the 'width-request' and 'height-request' properties to specify it

(dino:103132): Adwaita-WARNING **: 19:27:31.548: DinoUiMainWindow 0x62f390ed4860 does not have a minimum size, set the 'width-request' and 'height-request' properties to specify it

(dino:103132): Adwaita-WARNING **: 19:27:31.558: DinoUiMainWindow 0x62f390ed4860 does not have a minimum size, set the 'width-request' and 'height-request' properties to specify it

(dino:103132): Adwaita-WARNING **: 19:27:31.568: DinoUiMainWindow 0x62f390ed4860 does not have a minimum size, set the 'width-request' and 'height-request' properties to specify it

(dino:103132): Adwaita-WARNING **: 19:27:31.585: DinoUiMainWindow 0x62f390ed4860 does not have a minimum size, set the 'width-request' and 'height-request' properties to specify it

(dino:103132): Adwaita-WARNING **: 19:27:31.596: DinoUiMainWindow 0x62f390ed4860 does not have a minimum size, set the 'width-request' and 'height-request' properties to specify it

(dino:103132): Adwaita-WARNING **: 19:27:31.611: DinoUiMainWindow 0x62f390ed4860 does not have a minimum size, set the 'width-request' and 'height-request' properties to specify it

(dino:103132): Adwaita-WARNING **: 19:27:31.629: DinoUiMainWindow 0x62f390ed4860 does not have a minimum size, set the 'width-request' and 'height-request' properties to specify it

(dino:103132): Adwaita-WARNING **: 19:27:31.645: DinoUiMainWindow 0x62f390ed4860 does not have a minimum size, set the 'width-request' and 'height-request' properties to specify it

(dino:103132): Adwaita-WARNING **: 19:27:31.664: DinoUiMainWindow 0x62f390ed4860 does not have a minimum size, set the 'width-request' and 'height-request' properties to specify it

(dino:103132): Adwaita-WARNING **: 19:27:31.679: DinoUiMainWindow 0x62f390ed4860 does not have a minimum size, set the 'width-request' and 'height-request' properties to specify it

(dino:103132): Adwaita-WARNING **: 19:27:31.695: DinoUiMainWindow 0x62f390ed4860 does not have a minimum size, set the 'width-request' and 'height-request' properties to specify it

(dino:103132): Adwaita-WARNING **: 19:27:31.713: DinoUiMainWindow 0x62f390ed4860 does not have a minimum size, set the 'width-request' and 'height-request' properties to specify it

(dino:103132): Adwaita-WARNING **: 19:27:31.731: DinoUiMainWindow 0x62f390ed4860 does not have a minimum size, set the 'width-request' and 'height-request' properties to specify it

(dino:103132): Adwaita-WARNING **: 19:27:31.747: DinoUiMainWindow 0x62f390ed4860 does not have a minimum size, set the 'width-request' and 'height-request' properties to specify it

(dino:103132): Adwaita-WARNING **: 19:27:31.762: DinoUiMainWindow 0x62f390ed4860 does not have a minimum size, set the 'width-request' and 'height-request' properties to specify it

(dino:103132): Adwaita-WARNING **: 19:27:31.778: DinoUiMainWindow 0x62f390ed4860 does not have a minimum size, set the 'width-request' and 'height-request' properties to specify it

(dino:103132): Adwaita-WARNING **: 19:27:31.796: DinoUiMainWindow 0x62f390ed4860 does not have a minimum size, set the 'width-request' and 'height-request' properties to specify it

(dino:103132): Adwaita-WARNING **: 19:27:31.812: DinoUiMainWindow 0x62f390ed4860 does not have a minimum size, set the 'width-request' and 'height-request' properties to specify it

(dino:103132): Adwaita-WARNING **: 19:27:31.829: DinoUiMainWindow 0x62f390ed4860 does not have a minimum size, set the 'width-request' and 'height-request' properties to specify it

(dino:103132): Adwaita-WARNING **: 19:27:31.849: DinoUiMainWindow 0x62f390ed4860 does not have a minimum size, set the 'width-request' and 'height-request' properties to specify it

(dino:103132): Adwaita-WARNING **: 19:27:31.862: DinoUiMainWindow 0x62f390ed4860 does not have a minimum size, set the 'width-request' and 'height-request' properties to specify it

(dino:103132): Adwaita-WARNING **: 19:27:31.878: DinoUiMainWindow 0x62f390ed4860 does not have a minimum size, set the 'width-request' and 'height-request' properties to specify it

(dino:103132): Adwaita-WARNING **: 19:27:34.395: DinoUiMainWindow 0x62f390ed4860 does not have a minimum size, set the 'width-request' and 'height-request' properties to specify it

(dino:103132): Adwaita-WARNING **: 19:27:37.804: DinoUiMainWindow 0x62f390ed4860 does not have a minimum size, set the 'width-request' and 'height-request' properties to specify it

(dino:103132): Adwaita-WARNING **: 19:27:50.935: DinoUiMainWindow 0x62f390ed4860 does not have a minimum size, set the 'width-request' and 'height-request' properties to specify it

(dino:103132): Adwaita-WARNING **: 19:27:50.949: DinoUiMainWindow 0x62f390ed4860 does not have a minimum size, set the 'width-request' and 'height-request' properties to specify it

(dino:103132): rtp-WARNING **: 19:27:52.018: device.vala:582: pipewiredevice34-tee still has 1 src pads while being destroyed

(dino:103132): Adwaita-WARNING **: 19:27:52.033: DinoUiMainWindow 0x62f390ed4860 does not have a minimum size, set the 'width-request' and 'height-request' properties to specify it

(dino:103132): Adwaita-WARNING **: 19:28:16.177: DinoUiMainWindow 0x62f390ed4860 does not have a minimum size, set the 'width-request' and 'height-request' properties to specify it

(dino:103132): Adwaita-WARNING **: 19:28:37.426: DinoUiMainWindow 0x62f390ed4860 does not have a minimum size, set the 'width-request' and 'height-request' properties to specify it

(dino:103132): Adwaita-WARNING **: 19:28:50.936: DinoUiMainWindow 0x62f390ed4860 does not have a minimum size, set the 'width-request' and 'height-request' properties to specify it

(dino:103132): Adwaita-WARNING **: 19:28:50.952: DinoUiMainWindow 0x62f390ed4860 does not have a minimum size, set the 'width-request' and 'height-request' properties to specify it

(dino:103132): Adwaita-WARNING **: 19:28:51.691: DinoUiMainWindow 0x62f390ed4860 does not have a minimum size, set the 'width-request' and 'height-request' properties to specify it

(dino:103132): Adwaita-WARNING **: 19:28:51.717: DinoUiMainWindow 0x62f390ed4860 does not have a minimum size, set the 'width-request' and 'height-request' properties to specify it

(dino:103132): Adwaita-WARNING **: 19:28:55.298: DinoUiMainWindow 0x62f390ed4860 does not have a minimum size, set the 'width-request' and 'height-request' properties to specify it

(dino:103132): Adwaita-WARNING **: 19:28:55.956: DinoUiMainWindow 0x62f390ed4860 does not have a minimum size, set the 'width-request' and 'height-request' properties to specify it

(dino:103132): Gtk-WARNING **: 19:28:55.957: GtkBox 0x62f3910b6440 adjusted size vertical min 31 natural 31 must not decrease below min 38 natural 38

(dino:103132): Adwaita-WARNING **: 19:28:55.998: DinoUiMainWindow 0x62f390ed4860 does not have a minimum size, set the 'width-request' and 'height-request' properties to specify it

(dino:103132): Gtk-WARNING **: 19:28:55.999: GtkBox 0x62f3910b6440 adjusted size vertical min 31 natural 31 must not decrease below min 38 natural 38

(dino:103132): Adwaita-WARNING **: 19:28:56.021: DinoUiMainWindow 0x62f390ed4860 does not have a minimum size, set the 'width-request' and 'height-request' properties to specify it

(dino:103132): Adwaita-WARNING **: 19:28:56.037: DinoUiMainWindow 0x62f390ed4860 does not have a minimum size, set the 'width-request' and 'height-request' properties to specify it

(dino:103132): Adwaita-WARNING **: 19:28:56.049: DinoUiMainWindow 0x62f390ed4860 does not have a minimum size, set the 'width-request' and 'height-request' properties to specify it

(dino:103132): Adwaita-WARNING **: 19:28:56.069: DinoUiMainWindow 0x62f390ed4860 does not have a minimum size, set the 'width-request' and 'height-request' properties to specify it

(dino:103132): Adwaita-WARNING **: 19:28:56.084: DinoUiMainWindow 0x62f390ed4860 does not have a minimum size, set the 'width-request' and 'height-request' properties to specify it

(dino:103132): Adwaita-WARNING **: 19:28:56.465: DinoUiMainWindow 0x62f390ed4860 does not have a minimum size, set the 'width-request' and 'height-request' properties to specify it

(dino:103132): Adwaita-WARNING **: 19:28:56.506: DinoUiMainWindow 0x62f390ed4860 does not have a minimum size, set the 'width-request' and 'height-request' properties to specify it

(dino:103132): Adwaita-WARNING **: 19:28:56.561: DinoUiMainWindow 0x62f390ed4860 does not have a minimum size, set the 'width-request' and 'height-request' properties to specify it

(dino:103132): Adwaita-WARNING **: 19:28:56.599: DinoUiMainWindow 0x62f390ed4860 does not have a minimum size, set the 'width-request' and 'height-request' properties to specify it

(dino:103132): Adwaita-WARNING **: 19:28:56.620: DinoUiMainWindow 0x62f390ed4860 does not have a minimum size, set the 'width-request' and 'height-request' properties to specify it

(dino:103132): Adwaita-WARNING **: 19:28:56.636: DinoUiMainWindow 0x62f390ed4860 does not have a minimum size, set the 'width-request' and 'height-request' properties to specify it

(dino:103132): Gtk-WARNING **: 19:28:56.636: GtkBox 0x62f3910b6440 adjusted size vertical min 31 natural 31 must not decrease below min 38 natural 38

(dino:103132): Adwaita-WARNING **: 19:28:56.655: DinoUiMainWindow 0x62f390ed4860 does not have a minimum size, set the 'width-request' and 'height-request' properties to specify it

(dino:103132): Gtk-WARNING **: 19:28:56.655: GtkBox 0x62f3910b6440 adjusted size vertical min 31 natural 31 must not decrease below min 38 natural 38

(dino:103132): Adwaita-WARNING **: 19:28:56.670: DinoUiMainWindow 0x62f390ed4860 does not have a minimum size, set the 'width-request' and 'height-request' properties to specify it

(dino:103132): Gtk-WARNING **: 19:28:56.671: GtkBox 0x62f3910b6440 adjusted size vertical min 31 natural 31 must not decrease below min 38 natural 38

(dino:103132): Adwaita-WARNING **: 19:28:56.686: DinoUiMainWindow 0x62f390ed4860 does not have a minimum size, set the 'width-request' and 'height-request' properties to specify it

(dino:103132): Gtk-WARNING **: 19:28:56.686: GtkBox 0x62f3910b6440 adjusted size vertical min 31 natural 31 must not decrease below min 38 natural 38

(dino:103132): Adwaita-WARNING **: 19:28:56.720: DinoUiMainWindow 0x62f390ed4860 does not have a minimum size, set the 'width-request' and 'height-request' properties to specify it

(dino:103132): Gtk-WARNING **: 19:28:56.721: GtkBox 0x62f3910b6440 adjusted size vertical min 31 natural 31 must not decrease below min 38 natural 38

(dino:103132): Adwaita-WARNING **: 19:28:56.789: DinoUiMainWindow 0x62f390ed4860 does not have a minimum size, set the 'width-request' and 'height-request' properties to specify it

(dino:103132): Gtk-WARNING **: 19:28:56.790: GtkBox 0x62f3910b6440 adjusted size vertical min 31 natural 31 must not decrease below min 38 natural 38

(dino:103132): Adwaita-WARNING **: 19:28:56.837: DinoUiMainWindow 0x62f390ed4860 does not have a minimum size, set the 'width-request' and 'height-request' properties to specify it

(dino:103132): Gtk-WARNING **: 19:28:56.837: GtkBox 0x62f3910b6440 adjusted size vertical min 31 natural 31 must not decrease below min 38 natural 38

(dino:103132): Adwaita-WARNING **: 19:28:56.935: DinoUiMainWindow 0x62f390ed4860 does not have a minimum size, set the 'width-request' and 'height-request' properties to specify it

(dino:103132): Gtk-WARNING **: 19:28:56.935: GtkBox 0x62f3910b6440 adjusted size vertical min 31 natural 31 must not decrease below min 38 natural 38

(dino:103132): Adwaita-WARNING **: 19:28:57.065: DinoUiMainWindow 0x62f390ed4860 does not have a minimum size, set the 'width-request' and 'height-request' properties to specify it

(dino:103132): Gtk-WARNING **: 19:28:57.066: GtkBox 0x62f3910b6440 adjusted size vertical min 31 natural 31 must not decrease below min 38 natural 38

(dino:103132): Adwaita-WARNING **: 19:28:57.168: DinoUiMainWindow 0x62f390ed4860 does not have a minimum size, set the 'width-request' and 'height-request' properties to specify it

(dino:103132): Gtk-WARNING **: 19:28:57.168: GtkBox 0x62f3910b6440 adjusted size vertical min 31 natural 31 must not decrease below min 38 natural 38

(dino:103132): Adwaita-WARNING **: 19:28:57.189: DinoUiMainWindow 0x62f390ed4860 does not have a minimum size, set the 'width-request' and 'height-request' properties to specify it

(dino:103132): Gtk-WARNING **: 19:28:57.189: GtkBox 0x62f3910b6440 adjusted size vertical min 31 natural 31 must not decrease below min 38 natural 38

(dino:103132): Adwaita-WARNING **: 19:28:57.251: DinoUiMainWindow 0x62f390ed4860 does not have a minimum size, set the 'width-request' and 'height-request' properties to specify it

(dino:103132): Gtk-WARNING **: 19:28:57.251: GtkBox 0x62f3910b6440 adjusted size vertical min 31 natural 31 must not decrease below min 38 natural 38

(dino:103132): Adwaita-WARNING **: 19:28:57.303: DinoUiMainWindow 0x62f390ed4860 does not have a minimum size, set the 'width-request' and 'height-request' properties to specify it

(dino:103132): Gtk-WARNING **: 19:28:57.303: GtkBox 0x62f3910b6440 adjusted size vertical min 31 natural 31 must not decrease below min 38 natural 38

(dino:103132): Adwaita-WARNING **: 19:28:57.348: DinoUiMainWindow 0x62f390ed4860 does not have a minimum size, set the 'width-request' and 'height-request' properties to specify it

(dino:103132): Gtk-WARNING **: 19:28:57.349: GtkBox 0x62f3910b6440 adjusted size vertical min 31 natural 31 must not decrease below min 38 natural 38

(dino:103132): Adwaita-WARNING **: 19:28:57.365: DinoUiMainWindow 0x62f390ed4860 does not have a minimum size, set the 'width-request' and 'height-request' properties to specify it

(dino:103132): Gtk-WARNING **: 19:28:57.366: GtkBox 0x62f3910b6440 adjusted size vertical min 31 natural 31 must not decrease below min 38 natural 38

(dino:103132): Adwaita-WARNING **: 19:29:02.866: DinoUiMainWindow 0x62f390ed4860 does not have a minimum size, set the 'width-request' and 'height-request' properties to specify it

(dino:103132): Gtk-WARNING **: 19:29:02.866: GtkBox 0x62f3910b6440 adjusted size vertical min 31 natural 31 must not decrease below min 38 natural 38

(dino:103132): Adwaita-WARNING **: 19:29:02.907: DinoUiMainWindow 0x62f390ed4860 does not have a minimum size, set the 'width-request' and 'height-request' properties to specify it

(dino:103132): Gtk-WARNING **: 19:29:02.908: GtkBox 0x62f3910b6440 adjusted size vertical min 31 natural 31 must not decrease below min 38 natural 38

(dino:103132): Adwaita-WARNING **: 19:29:02.927: DinoUiMainWindow 0x62f390ed4860 does not have a minimum size, set the 'width-request' and 'height-request' properties to specify it

(dino:103132): Gtk-WARNING **: 19:29:02.927: GtkBox 0x62f3910b6440 adjusted size vertical min 31 natural 31 must not decrease below min 38 natural 38

(dino:103132): Adwaita-WARNING **: 19:29:02.946: DinoUiMainWindow 0x62f390ed4860 does not have a minimum size, set the 'width-request' and 'height-request' properties to specify it

(dino:103132): Gtk-WARNING **: 19:29:02.946: GtkBox 0x62f3910b6440 adjusted size vertical min 31 natural 31 must not decrease below min 38 natural 38

(dino:103132): Adwaita-WARNING **: 19:29:02.973: DinoUiMainWindow 0x62f390ed4860 does not have a minimum size, set the 'width-request' and 'height-request' properties to specify it

(dino:103132): Adwaita-WARNING **: 19:29:02.985: DinoUiMainWindow 0x62f390ed4860 does not have a minimum size, set the 'width-request' and 'height-request' properties to specify it

(dino:103132): Adwaita-WARNING **: 19:29:08.871: DinoUiMainWindow 0x62f390ed4860 does not have a minimum size, set the 'width-request' and 'height-request' properties to specify it

(dino:103132): Adwaita-WARNING **: 19:29:14.895: DinoUiMainWindow 0x62f390ed4860 does not have a minimum size, set the 'width-request' and 'height-request' properties to specify it

(dino:103132): Adwaita-WARNING **: 19:29:16.178: DinoUiMainWindow 0x62f390ed4860 does not have a minimum size, set the 'width-request' and 'height-request' properties to specify it

(dino:103132): Adwaita-WARNING **: 19:29:37.427: DinoUiMainWindow 0x62f390ed4860 does not have a minimum size, set the 'width-request' and 'height-request' properties to specify it

(dino:103132): Adwaita-WARNING **: 19:29:50.938: DinoUiMainWindow 0x62f390ed4860 does not have a minimum size, set the 'width-request' and 'height-request' properties to specify it

(dino:103132): Adwaita-WARNING **: 19:29:50.950: DinoUiMainWindow 0x62f390ed4860 does not have a minimum size, set the 'width-request' and 'height-request' properties to specify it

(dino:103132): Adwaita-WARNING **: 19:29:51.680: DinoUiMainWindow 0x62f390ed4860 does not have a minimum size, set the 'width-request' and 'height-request' properties to specify it

(dino:103132): Adwaita-WARNING **: 19:29:53.790: DinoUiMainWindow 0x62f390ed4860 does not have a minimum size, set the 'width-request' and 'height-request' properties to specify it

(dino:103132): Adwaita-WARNING **: 19:29:53.950: DinoUiMainWindow 0x62f390ed4860 does not have a minimum size, set the 'width-request' and 'height-request' properties to specify it

(dino:103132): Adwaita-WARNING **: 19:29:53.973: DinoUiMainWindow 0x62f390ed4860 does not have a minimum size, set the 'width-request' and 'height-request' properties to specify it

(dino:103132): Adwaita-WARNING **: 19:29:53.988: DinoUiMainWindow 0x62f390ed4860 does not have a minimum size, set the 'width-request' and 'height-request' properties to specify it

(dino:103132): Adwaita-WARNING **: 19:29:53.999: DinoUiMainWindow 0x62f390ed4860 does not have a minimum size, set the 'width-request' and 'height-request' properties to specify it

(dino:103132): Adwaita-WARNING **: 19:29:54.020: DinoUiMainWindow 0x62f390ed4860 does not have a minimum size, set the 'width-request' and 'height-request' properties to specify it

(dino:103132): Adwaita-WARNING **: 19:29:54.031: DinoUiMainWindow 0x62f390ed4860 does not have a minimum size, set the 'width-request' and 'height-request' properties to specify it

(dino:103132): Adwaita-WARNING **: 19:29:54.048: DinoUiMainWindow 0x62f390ed4860 does not have a minimum size, set the 'width-request' and 'height-request' properties to specify it

(dino:103132): Adwaita-WARNING **: 19:29:54.070: DinoUiMainWindow 0x62f390ed4860 does not have a minimum size, set the 'width-request' and 'height-request' properties to specify it

(dino:103132): Adwaita-WARNING **: 19:29:54.084: DinoUiMainWindow 0x62f390ed4860 does not have a minimum size, set the 'width-request' and 'height-request' properties to specify it

(dino:103132): Adwaita-WARNING **: 19:29:54.098: DinoUiMainWindow 0x62f390ed4860 does not have a minimum size, set the 'width-request' and 'height-request' properties to specify it

(dino:103132): Adwaita-WARNING **: 19:29:54.117: DinoUiMainWindow 0x62f390ed4860 does not have a minimum size, set the 'width-request' and 'height-request' properties to specify it

(dino:103132): Adwaita-WARNING **: 19:29:54.133: DinoUiMainWindow 0x62f390ed4860 does not have a minimum size, set the 'width-request' and 'height-request' properties to specify it

(dino:103132): Adwaita-WARNING **: 19:29:54.149: DinoUiMainWindow 0x62f390ed4860 does not have a minimum size, set the 'width-request' and 'height-request' properties to specify it

(dino:103132): Adwaita-WARNING **: 19:29:54.165: DinoUiMainWindow 0x62f390ed4860 does not have a minimum size, set the 'width-request' and 'height-request' properties to specify it

(dino:103132): Adwaita-WARNING **: 19:29:54.181: DinoUiMainWindow 0x62f390ed4860 does not have a minimum size, set the 'width-request' and 'height-request' properties to specify it

(dino:103132): Adwaita-WARNING **: 19:29:54.199: DinoUiMainWindow 0x62f390ed4860 does not have a minimum size, set the 'width-request' and 'height-request' properties to specify it

(dino:103132): Adwaita-WARNING **: 19:29:54.215: DinoUiMainWindow 0x62f390ed4860 does not have a minimum size, set the 'width-request' and 'height-request' properties to specify it

(dino:103132): Adwaita-WARNING **: 19:29:54.232: DinoUiMainWindow 0x62f390ed4860 does not have a minimum size, set the 'width-request' and 'height-request' properties to specify it

(dino:103132): Adwaita-WARNING **: 19:29:54.267: DinoUiMainWindow 0x62f390ed4860 does not have a minimum size, set the 'width-request' and 'height-request' properties to specify it

(dino:103132): Adwaita-WARNING **: 19:29:54.316: DinoUiMainWindow 0x62f390ed4860 does not have a minimum size, set the 'width-request' and 'height-request' properties to specify it

(dino:103132): Adwaita-WARNING **: 19:30:15.656: DinoUiMainWindow 0x62f390ed4860 does not have a minimum size, set the 'width-request' and 'height-request' properties to specify it

(dino:103132): Adwaita-WARNING **: 19:30:15.670: DinoUiMainWindow 0x62f390ed4860 does not have a minimum size, set the 'width-request' and 'height-request' properties to specify it

(dino:103132): Adwaita-WARNING **: 19:30:15.690: DinoUiMainWindow 0x62f390ed4860 does not have a minimum size, set the 'width-request' and 'height-request' properties to specify it

(dino:103132): Adwaita-WARNING **: 19:30:15.699: DinoUiMainWindow 0x62f390ed4860 does not have a minimum size, set the 'width-request' and 'height-request' properties to specify it

(dino:103132): Adwaita-WARNING **: 19:30:15.713: DinoUiMainWindow 0x62f390ed4860 does not have a minimum size, set the 'width-request' and 'height-request' properties to specify it

(dino:103132): Adwaita-WARNING **: 19:30:15.728: DinoUiMainWindow 0x62f390ed4860 does not have a minimum size, set the 'width-request' and 'height-request' properties to specify it

(dino:103132): Adwaita-WARNING **: 19:30:15.745: DinoUiMainWindow 0x62f390ed4860 does not have a minimum size, set the 'width-request' and 'height-request' properties to specify it

(dino:103132): Adwaita-WARNING **: 19:30:15.761: DinoUiMainWindow 0x62f390ed4860 does not have a minimum size, set the 'width-request' and 'height-request' properties to specify it

(dino:103132): Adwaita-WARNING **: 19:30:15.779: DinoUiMainWindow 0x62f390ed4860 does not have a minimum size, set the 'width-request' and 'height-request' properties to specify it

(dino:103132): Adwaita-WARNING **: 19:30:15.795: DinoUiMainWindow 0x62f390ed4860 does not have a minimum size, set the 'width-request' and 'height-request' properties to specify it

(dino:103132): Adwaita-WARNING **: 19:30:15.812: DinoUiMainWindow 0x62f390ed4860 does not have a minimum size, set the 'width-request' and 'height-request' properties to specify it

(dino:103132): Adwaita-WARNING **: 19:30:15.828: DinoUiMainWindow 0x62f390ed4860 does not have a minimum size, set the 'width-request' and 'height-request' properties to specify it

(dino:103132): Adwaita-WARNING **: 19:30:15.845: DinoUiMainWindow 0x62f390ed4860 does not have a minimum size, set the 'width-request' and 'height-request' properties to specify it

(dino:103132): Adwaita-WARNING **: 19:30:15.863: DinoUiMainWindow 0x62f390ed4860 does not have a minimum size, set the 'width-request' and 'height-request' properties to specify it

(dino:103132): Adwaita-WARNING **: 19:30:16.179: DinoUiMainWindow 0x62f390ed4860 does not have a minimum size, set the 'width-request' and 'height-request' properties to specify it

(dino:103132): Adwaita-WARNING **: 19:30:16.292: DinoUiMainWindow 0x62f390ed4860 does not have a minimum size, set the 'width-request' and 'height-request' properties to specify it

(dino:103132): Adwaita-WARNING **: 19:30:16.307: DinoUiMainWindow 0x62f390ed4860 does not have a minimum size, set the 'width-request' and 'height-request' properties to specify it

(dino:103132): Adwaita-WARNING **: 19:30:16.321: DinoUiMainWindow 0x62f390ed4860 does not have a minimum size, set the 'width-request' and 'height-request' properties to specify it

(dino:103132): Adwaita-WARNING **: 19:30:16.333: DinoUiMainWindow 0x62f390ed4860 does not have a minimum size, set the 'width-request' and 'height-request' properties to specify it

(dino:103132): Adwaita-WARNING **: 19:30:16.346: DinoUiMainWindow 0x62f390ed4860 does not have a minimum size, set the 'width-request' and 'height-request' properties to specify it

(dino:103132): Adwaita-WARNING **: 19:30:16.364: DinoUiMainWindow 0x62f390ed4860 does not have a minimum size, set the 'width-request' and 'height-request' properties to specify it

(dino:103132): Adwaita-WARNING **: 19:30:16.378: DinoUiMainWindow 0x62f390ed4860 does not have a minimum size, set the 'width-request' and 'height-request' properties to specify it

(dino:103132): Adwaita-WARNING **: 19:30:16.395: DinoUiMainWindow 0x62f390ed4860 does not have a minimum size, set the 'width-request' and 'height-request' properties to specify it

(dino:103132): Adwaita-WARNING **: 19:30:16.412: DinoUiMainWindow 0x62f390ed4860 does not have a minimum size, set the 'width-request' and 'height-request' properties to specify it

(dino:103132): Adwaita-WARNING **: 19:30:16.428: DinoUiMainWindow 0x62f390ed4860 does not have a minimum size, set the 'width-request' and 'height-request' properties to specify it

(dino:103132): Adwaita-WARNING **: 19:30:16.445: DinoUiMainWindow 0x62f390ed4860 does not have a minimum size, set the 'width-request' and 'height-request' properties to specify it

(dino:103132): Adwaita-WARNING **: 19:30:16.464: DinoUiMainWindow 0x62f390ed4860 does not have a minimum size, set the 'width-request' and 'height-request' properties to specify it

(dino:103132): Adwaita-WARNING **: 19:30:16.479: DinoUiMainWindow 0x62f390ed4860 does not have a minimum size, set the 'width-request' and 'height-request' properties to specify it

(dino:103132): Adwaita-WARNING **: 19:30:16.496: DinoUiMainWindow 0x62f390ed4860 does not have a minimum size, set the 'width-request' and 'height-request' properties to specify it

(dino:103132): Adwaita-WARNING **: 19:30:17.200: DinoUiMainWindow 0x62f390ed4860 does not have a minimum size, set the 'width-request' and 'height-request' properties to specify it

(dino:103132): Adwaita-WARNING **: 19:30:19.486: DinoUiMainWindow 0x62f390ed4860 does not have a minimum size, set the 'width-request' and 'height-request' properties to specify it

(dino:103132): Adwaita-WARNING **: 19:30:37.428: DinoUiMainWindow 0x62f390ed4860 does not have a minimum size, set the 'width-request' and 'height-request' properties to specify it

(dino:103132): Adwaita-WARNING **: 19:30:44.142: DinoUiMainWindow 0x62f390ed4860 does not have a minimum size, set the 'width-request' and 'height-request' properties to specify it

(dino:103132): Adwaita-WARNING **: 19:30:48.923: DinoUiMainWindow 0x62f390ed4860 does not have a minimum size, set the 'width-request' and 'height-request' properties to specify it

(dino:103132): Adwaita-WARNING **: 19:30:48.932: DinoUiMainWindow 0x62f390ed4860 does not have a minimum size, set the 'width-request' and 'height-request' properties to specify it

(dino:103132): Adwaita-WARNING **: 19:30:50.940: DinoUiMainWindow 0x62f390ed4860 does not have a minimum size, set the 'width-request' and 'height-request' properties to specify it

(dino:103132): Adwaita-WARNING **: 19:30:51.682: DinoUiMainWindow 0x62f390ed4860 does not have a minimum size, set the 'width-request' and 'height-request' properties to specify it

(dino:103132): Adwaita-WARNING **: 19:30:53.774: DinoUiMainWindow 0x62f390ed4860 does not have a minimum size, set the 'width-request' and 'height-request' properties to specify it

(dino:103132): Adwaita-WARNING **: 19:30:53.902: DinoUiMainWindow 0x62f390ed4860 does not have a minimum size, set the 'width-request' and 'height-request' properties to specify it

(dino:103132): Adwaita-WARNING **: 19:30:53.920: DinoUiMainWindow 0x62f390ed4860 does not have a minimum size, set the 'width-request' and 'height-request' properties to specify it

(dino:103132): Adwaita-WARNING **: 19:30:53.932: DinoUiMainWindow 0x62f390ed4860 does not have a minimum size, set the 'width-request' and 'height-request' properties to specify it

(dino:103132): Adwaita-WARNING **: 19:30:53.949: DinoUiMainWindow 0x62f390ed4860 does not have a minimum size, set the 'width-request' and 'height-request' properties to specify it

(dino:103132): Adwaita-WARNING **: 19:30:53.966: DinoUiMainWindow 0x62f390ed4860 does not have a minimum size, set the 'width-request' and 'height-request' properties to specify it

(dino:103132): Adwaita-WARNING **: 19:30:53.982: DinoUiMainWindow 0x62f390ed4860 does not have a minimum size, set the 'width-request' and 'height-request' properties to specify it

(dino:103132): Adwaita-WARNING **: 19:30:54.007: DinoUiMainWindow 0x62f390ed4860 does not have a minimum size, set the 'width-request' and 'height-request' properties to specify it

(dino:103132): Adwaita-WARNING **: 19:30:54.019: DinoUiMainWindow 0x62f390ed4860 does not have a minimum size, set the 'width-request' and 'height-request' properties to specify it

(dino:103132): Adwaita-WARNING **: 19:30:54.034: DinoUiMainWindow 0x62f390ed4860 does not have a minimum size, set the 'width-request' and 'height-request' properties to specify it

(dino:103132): Adwaita-WARNING **: 19:30:54.049: DinoUiMainWindow 0x62f390ed4860 does not have a minimum size, set the 'width-request' and 'height-request' properties to specify it

(dino:103132): Adwaita-WARNING **: 19:30:54.065: DinoUiMainWindow 0x62f390ed4860 does not have a minimum size, set the 'width-request' and 'height-request' properties to specify it

(dino:103132): Adwaita-WARNING **: 19:30:54.082: DinoUiMainWindow 0x62f390ed4860 does not have a minimum size, set the 'width-request' and 'height-request' properties to specify it

(dino:103132): Adwaita-WARNING **: 19:30:54.097: DinoUiMainWindow 0x62f390ed4860 does not have a minimum size, set the 'width-request' and 'height-request' properties to specify it

(dino:103132): Adwaita-WARNING **: 19:30:54.114: DinoUiMainWindow 0x62f390ed4860 does not have a minimum size, set the 'width-request' and 'height-request' properties to specify it

(dino:103132): Adwaita-WARNING **: 19:30:54.132: DinoUiMainWindow 0x62f390ed4860 does not have a minimum size, set the 'width-request' and 'height-request' properties to specify it

(dino:103132): Adwaita-WARNING **: 19:30:57.970: DinoUiMainWindow 0x62f390ed4860 does not have a minimum size, set the 'width-request' and 'height-request' properties to specify it

(dino:103132): Adwaita-WARNING **: 19:30:57.993: DinoUiMainWindow 0x62f390ed4860 does not have a minimum size, set the 'width-request' and 'height-request' properties to specify it

(dino:103132): Adwaita-WARNING **: 19:30:59.720: DinoUiMainWindow 0x62f390ed4860 does not have a minimum size, set the 'width-request' and 'height-request' properties to specify it

(dino:103132): Gtk-WARNING **: 19:30:59.721: GtkBox 0x62f3910b6440 adjusted size vertical min 31 natural 31 must not decrease below min 38 natural 38

(dino:103132): Adwaita-WARNING **: 19:30:59.740: DinoUiMainWindow 0x62f390ed4860 does not have a minimum size, set the 'width-request' and 'height-request' properties to specify it

(dino:103132): Adwaita-WARNING **: 19:31:00.776: DinoUiMainWindow 0x62f390ed4860 does not have a minimum size, set the 'width-request' and 'height-request' properties to specify it

(dino:103132): Adwaita-WARNING **: 19:31:00.826: DinoUiMainWindow 0x62f390ed4860 does not have a minimum size, set the 'width-request' and 'height-request' properties to specify it

(dino:103132): Adwaita-WARNING **: 19:31:00.867: DinoUiMainWindow 0x62f390ed4860 does not have a minimum size, set the 'width-request' and 'height-request' properties to specify it

(dino:103132): Adwaita-WARNING **: 19:31:00.885: DinoUiMainWindow 0x62f390ed4860 does not have a minimum size, set the 'width-request' and 'height-request' properties to specify it

(dino:103132): Adwaita-WARNING **: 19:31:00.901: DinoUiMainWindow 0x62f390ed4860 does not have a minimum size, set the 'width-request' and 'height-request' properties to specify it

(dino:103132): Adwaita-WARNING **: 19:31:00.917: DinoUiMainWindow 0x62f390ed4860 does not have a minimum size, set the 'width-request' and 'height-request' properties to specify it

(dino:103132): Adwaita-WARNING **: 19:31:00.936: DinoUiMainWindow 0x62f390ed4860 does not have a minimum size, set the 'width-request' and 'height-request' properties to specify it

(dino:103132): Adwaita-WARNING **: 19:31:00.955: DinoUiMainWindow 0x62f390ed4860 does not have a minimum size, set the 'width-request' and 'height-request' properties to specify it

(dino:103132): Adwaita-WARNING **: 19:31:00.965: DinoUiMainWindow 0x62f390ed4860 does not have a minimum size, set the 'width-request' and 'height-request' properties to specify it

(dino:103132): Adwaita-WARNING **: 19:31:00.986: DinoUiMainWindow 0x62f390ed4860 does not have a minimum size, set the 'width-request' and 'height-request' properties to specify it

(dino:103132): libnice-WARNING **: 19:31:10.711: Agent 0x62f396cb8db0 : We still have alive TURN refreshes. Consider using nice_agent_close_async() to prune them before releasing the agent.

(dino:103132): Adwaita-WARNING **: 19:31:10.728: DinoUiMainWindow 0x62f390ed4860 does not have a minimum size, set the 'width-request' and 'height-request' properties to specify it

(dino:103132): Adwaita-WARNING **: 19:31:12.362: DinoUiMainWindow 0x62f390ed4860 does not have a minimum size, set the 'width-request' and 'height-request' properties to specify it

(dino:103132): Gtk-WARNING **: 19:31:12.362: GtkBox 0x62f3910b6440 adjusted size vertical min 31 natural 31 must not decrease below min 38 natural 38

(dino:103132): Adwaita-WARNING **: 19:31:12.388: DinoUiMainWindow 0x62f390ed4860 does not have a minimum size, set the 'width-request' and 'height-request' properties to specify it

(dino:103132): Gtk-WARNING **: 19:31:12.389: GtkBox 0x62f3910b6440 adjusted size vertical min 31 natural 31 must not decrease below min 38 natural 38

(dino:103132): Adwaita-WARNING **: 19:31:12.529: DinoUiMainWindow 0x62f390ed4860 does not have a minimum size, set the 'width-request' and 'height-request' properties to specify it

(dino:103132): Gtk-WARNING **: 19:31:12.530: GtkBox 0x62f3910b6440 adjusted size vertical min 31 natural 31 must not decrease below min 38 natural 38

(dino:103132): Adwaita-WARNING **: 19:31:12.679: DinoUiMainWindow 0x62f390ed4860 does not have a minimum size, set the 'width-request' and 'height-request' properties to specify it

(dino:103132): Gtk-WARNING **: 19:31:12.679: GtkBox 0x62f3910b6440 adjusted size vertical min 31 natural 31 must not decrease below min 38 natural 38

(dino:103132): Adwaita-WARNING **: 19:31:12.719: DinoUiMainWindow 0x62f390ed4860 does not have a minimum size, set the 'width-request' and 'height-request' properties to specify it

(dino:103132): Gtk-WARNING **: 19:31:12.720: GtkBox 0x62f3910b6440 adjusted size vertical min 31 natural 31 must not decrease below min 38 natural 38

(dino:103132): Adwaita-WARNING **: 19:31:12.744: DinoUiMainWindow 0x62f390ed4860 does not have a minimum size, set the 'width-request' and 'height-request' properties to specify it

(dino:103132): Gtk-WARNING **: 19:31:12.745: GtkBox 0x62f3910b6440 adjusted size vertical min 31 natural 31 must not decrease below min 38 natural 38

(dino:103132): Adwaita-WARNING **: 19:31:13.016: DinoUiMainWindow 0x62f390ed4860 does not have a minimum size, set the 'width-request' and 'height-request' properties to specify it

(dino:103132): Gtk-WARNING **: 19:31:13.016: GtkBox 0x62f3910b6440 adjusted size vertical min 31 natural 31 must not decrease below min 38 natural 38

(dino:103132): Adwaita-WARNING **: 19:31:13.033: DinoUiMainWindow 0x62f390ed4860 does not have a minimum size, set the 'width-request' and 'height-request' properties to specify it

(dino:103132): rtp-WARNING **: 19:31:13.952: device.vala:582: pipewiredevice41-tee still has 1 src pads while being destroyed

(dino:103132): Adwaita-WARNING **: 19:31:14.788: DinoUiMainWindow 0x62f390ed4860 does not have a minimum size, set the 'width-request' and 'height-request' properties to specify it

(dino:103132): Gtk-WARNING **: 19:31:14.789: GtkBox 0x62f3910b6440 adjusted size vertical min 31 natural 31 must not decrease below min 38 natural 38

(dino:103132): Adwaita-WARNING **: 19:31:14.809: DinoUiMainWindow 0x62f390ed4860 does not have a minimum size, set the 'width-request' and 'height-request' properties to specify it

(dino:103132): Adwaita-WARNING **: 19:31:16.554: DinoUiMainWindow 0x62f390ed4860 does not have a minimum size, set the 'width-request' and 'height-request' properties to specify it

(dino:103132): Adwaita-WARNING **: 19:31:16.570: DinoUiMainWindow 0x62f390ed4860 does not have a minimum size, set the 'width-request' and 'height-request' properties to specify it

(dino:103132): Adwaita-WARNING **: 19:31:16.593: DinoUiMainWindow 0x62f390ed4860 does not have a minimum size, set the 'width-request' and 'height-request' properties to specify it

(dino:103132): Adwaita-WARNING **: 19:31:16.617: DinoUiMainWindow 0x62f390ed4860 does not have a minimum size, set the 'width-request' and 'height-request' properties to specify it

(dino:103132): Adwaita-WARNING **: 19:31:16.635: DinoUiMainWindow 0x62f390ed4860 does not have a minimum size, set the 'width-request' and 'height-request' properties to specify it

(dino:103132): Adwaita-WARNING **: 19:31:16.652: DinoUiMainWindow 0x62f390ed4860 does not have a minimum size, set the 'width-request' and 'height-request' properties to specify it

(dino:103132): Adwaita-WARNING **: 19:31:16.678: DinoUiMainWindow 0x62f390ed4860 does not have a minimum size, set the 'width-request' and 'height-request' properties to specify it

(dino:103132): Adwaita-WARNING **: 19:31:16.705: DinoUiMainWindow 0x62f390ed4860 does not have a minimum size, set the 'width-request' and 'height-request' properties to specify it

(dino:103132): Adwaita-WARNING **: 19:31:16.718: DinoUiMainWindow 0x62f390ed4860 does not have a minimum size, set the 'width-request' and 'height-request' properties to specify it

(dino:103132): Adwaita-WARNING **: 19:31:16.736: DinoUiMainWindow 0x62f390ed4860 does not have a minimum size, set the 'width-request' and 'height-request' properties to specify it

(dino:103132): Adwaita-WARNING **: 19:31:16.751: DinoUiMainWindow 0x62f390ed4860 does not have a minimum size, set the 'width-request' and 'height-request' properties to specify it
